<?xml version="1.0" ?>
<!DOCTYPE coverage
  SYSTEM 'http://cobertura.sourceforge.net/xml/coverage-03.dtd'>
<coverage branch-rate="0.538670284939" line-rate="0.30233167409" timestamp="1387425645" version="gcovr 3.1">
<sources>
<source>.</source>
</sources>
<packages>
<package branch-rate="0.5" complexity="0.0" line-rate="0.368421052632" name=".home.michael.git.cse409.pin.MyPinTool.yep">
<classes>
<class branch-rate="0.5" complexity="0.0" filename="/home/michael/git/cse409/pin/MyPinTool/yep/sample1.cc" line-rate="0.213114754098" name="sample1_cc">
<methods/>
<lines>
<line branch="false" hits="0" number="7"/>
<line branch="false" hits="0" number="8"/>
<line branch="false" hits="0" number="9"/>
<line branch="false" hits="0" number="10"/>
<line branch="false" hits="0" number="11"/>
<line branch="false" hits="0" number="12"/>
<line branch="false" hits="0" number="13"/>
<line branch="false" hits="0" number="14"/>
<line branch="false" hits="0" number="16"/>
<line branch="false" hits="0" number="17"/>
<line branch="false" hits="0" number="18"/>
<line branch="false" hits="0" number="19"/>
<line branch="false" hits="0" number="21"/>
<line branch="false" hits="0" number="22"/>
<line branch="false" hits="0" number="23"/>
<line branch="false" hits="0" number="24"/>
<line branch="false" hits="4" number="26"/>
<line branch="false" hits="4" number="27"/>
<line branch="false" hits="4" number="28"/>
<line branch="false" hits="4" number="29"/>
<line branch="false" hits="4" number="31"/>
<line branch="false" hits="4" number="32"/>
<line branch="false" hits="4" number="33"/>
<line branch="false" hits="4" number="34"/>
<line branch="false" hits="10" number="36"/>
<line branch="false" hits="10" number="37"/>
<line branch="false" hits="0" number="40"/>
<line branch="false" hits="0" number="41"/>
<line branch="false" hits="0" number="42"/>
<line branch="false" hits="0" number="44"/>
<line branch="false" hits="0" number="45"/>
<line branch="false" hits="0" number="48"/>
<line branch="false" hits="0" number="49"/>
<line branch="false" hits="0" number="50"/>
<line branch="false" hits="0" number="52"/>
<line branch="false" hits="0" number="53"/>
<line branch="false" hits="0" number="56"/>
<line branch="false" hits="0" number="57"/>
<line branch="false" hits="0" number="58"/>
<line branch="false" hits="8" number="60"/>
<line branch="false" hits="8" number="61"/>
<line branch="false" hits="0" number="64"/>
<line branch="false" hits="0" number="65"/>
<line branch="false" hits="0" number="66"/>
<line branch="false" hits="0" number="68"/>
<line branch="false" hits="0" number="69"/>
<line branch="false" hits="0" number="72"/>
<line branch="false" hits="0" number="73"/>
<line branch="false" hits="0" number="74"/>
<line branch="false" hits="0" number="76"/>
<line branch="false" hits="0" number="77"/>
<line branch="false" hits="0" number="80"/>
<line branch="false" hits="0" number="81"/>
<line branch="false" hits="0" number="82"/>
<line branch="false" hits="0" number="84"/>
<line branch="false" hits="0" number="86"/>
<line branch="false" hits="0" number="87"/>
<line branch="false" hits="0" number="89"/>
<line branch="false" hits="0" number="91"/>
<line branch="false" hits="0" number="92"/>
<line branch="true" condition-coverage="50% (2/4)" hits="6" number="93">
<conditions>
<condition coverage="50%" number="0" type="jump"/>
</conditions>
</line>
</lines>
</class>
<class branch-rate="0.5" complexity="0.0" filename="/home/michael/git/cse409/pin/MyPinTool/yep/sample1_unittest.cc" line-rate="1.0" name="sample1_unittest_cc">
<methods/>
<lines>
<line branch="true" condition-coverage="50% (1/2)" hits="10" number="6">
<conditions>
<condition coverage="50%" number="0" type="jump"/>
</conditions>
</line>
<line branch="false" hits="2" number="8"/>
<line branch="false" hits="2" number="9"/>
<line branch="true" condition-coverage="50% (1/2)" hits="2" number="11">
<conditions>
<condition coverage="50%" number="0" type="jump"/>
</conditions>
</line>
<line branch="true" condition-coverage="50% (1/2)" hits="2" number="12">
<conditions>
<condition coverage="50%" number="0" type="jump"/>
</conditions>
</line>
<line branch="true" condition-coverage="50% (5/10)" hits="2" number="14">
<conditions>
<condition coverage="50%" number="0" type="jump"/>
</conditions>
</line>
<line branch="true" condition-coverage="50% (5/10)" hits="2" number="15">
<conditions>
<condition coverage="50%" number="0" type="jump"/>
</conditions>
</line>
<line branch="true" condition-coverage="50% (6/12)" hits="2" number="16">
<conditions>
<condition coverage="50%" number="0" type="jump"/>
</conditions>
</line>
<line branch="true" condition-coverage="50% (5/10)" hits="2" number="17">
<conditions>
<condition coverage="50%" number="0" type="jump"/>
</conditions>
</line>
<line branch="true" condition-coverage="50% (5/10)" hits="2" number="18">
<conditions>
<condition coverage="50%" number="0" type="jump"/>
</conditions>
</line>
<line branch="true" condition-coverage="50% (6/12)" hits="2" number="19">
<conditions>
<condition coverage="50%" number="0" type="jump"/>
</conditions>
</line>
<line branch="true" condition-coverage="50% (5/10)" hits="2" number="20">
<conditions>
<condition coverage="50%" number="0" type="jump"/>
</conditions>
</line>
<line branch="false" hits="2" number="23"/>
<line branch="false" hits="2" number="24"/>
<line branch="true" condition-coverage="50% (2/4)" hits="6" number="25">
<conditions>
<condition coverage="50%" number="0" type="jump"/>
</conditions>
</line>
</lines>
</class>
</classes>
</package>
<package branch-rate="0.5" complexity="0.0" line-rate="0.346153846154" name=".home.michael.git.cse409.pin.MyPinTool.yep.gtest.include.gtest">
<classes>
<class branch-rate="0.5" complexity="0.0" filename="/home/michael/git/cse409/pin/MyPinTool/yep/gtest/include/gtest/gtest-message.h" line-rate="0.625" name="gtest-message_h">
<methods/>
<lines>
<line branch="false" hits="0" number="96"/>
<line branch="false" hits="0" number="97"/>
<line branch="false" hits="0" number="98"/>
<line branch="false" hits="610" number="131"/>
<line branch="false" hits="610" number="132"/>
<line branch="false" hits="0" number="232"/>
<line branch="false" hits="0" number="233"/>
<line branch="false" hits="610" number="115"/>
<line branch="false" hits="28" number="243"/>
<line branch="true" condition-coverage="50% (6/12)" hits="28" number="244">
<conditions>
<condition coverage="50%" number="0" type="jump"/>
</conditions>
</line>
<line branch="false" hits="88" number="85"/>
<line branch="true" condition-coverage="50% (2/4)" hits="38" number="150">
<conditions>
<condition coverage="50%" number="0" type="jump"/>
</conditions>
</line>
<line branch="false" hits="0" number="151"/>
<line branch="false" hits="38" number="153"/>
<line branch="false" hits="38" number="155"/>
<line branch="false" hits="38" number="149"/>
</lines>
</class>
<class branch-rate="0.0" complexity="0.0" filename="/home/michael/git/cse409/pin/MyPinTool/yep/gtest/include/gtest/gtest-printers.h" line-rate="0.0" name="gtest-printers_h">
<methods/>
<lines>
<line branch="false" hits="0" number="728"/>
<line branch="false" hits="0" number="218"/>
<line branch="false" hits="0" number="683"/>
<line branch="false" hits="0" number="684"/>
<line branch="false" hits="0" number="685"/>
<line branch="false" hits="0" number="245"/>
<line branch="false" hits="0" number="704"/>
<line branch="false" hits="0" number="705"/>
<line branch="false" hits="0" number="706"/>
<line branch="false" hits="0" number="708"/>
<line branch="false" hits="0" number="710"/>
<line branch="false" hits="0" number="353"/>
<line branch="false" hits="0" number="335"/>
<line branch="false" hits="0" number="848"/>
<line branch="false" hits="0" number="465"/>
<line branch="false" hits="0" number="850"/>
<line branch="false" hits="0" number="339"/>
<line branch="false" hits="0" number="724"/>
<line branch="false" hits="0" number="725"/>
<line branch="false" hits="0" number="726"/>
<line branch="false" hits="0" number="600"/>
<line branch="false" hits="0" number="601"/>
<line branch="false" hits="0" number="730"/>
<line branch="false" hits="0" number="591"/>
<line branch="false" hits="0" number="338"/>
<line branch="false" hits="0" number="478"/>
<line branch="false" hits="0" number="479"/>
<line branch="false" hits="0" number="480"/>
<line branch="false" hits="0" number="464"/>
<line branch="false" hits="0" number="847"/>
<line branch="false" hits="0" number="849"/>
<line branch="false" hits="0" number="466"/>
<line branch="false" hits="0" number="752"/>
<line branch="false" hits="0" number="756"/>
<line branch="false" hits="0" number="757"/>
<line branch="false" hits="0" number="246"/>
<line branch="false" hits="0" number="376"/>
<line branch="false" hits="0" number="377"/>
</lines>
</class>
<class branch-rate="0.5" complexity="0.0" filename="/home/michael/git/cse409/pin/MyPinTool/yep/gtest/include/gtest/gtest-test-part.h" line-rate="0.133333333333" name="gtest-test-part_h">
<methods/>
<lines>
<line branch="false" hits="0" number="97"/>
<line branch="false" hits="0" number="68"/>
<line branch="false" hits="0" number="69"/>
<line branch="false" hits="4" number="146"/>
<line branch="false" hits="0" number="72"/>
<line branch="false" hits="0" number="76"/>
<line branch="false" hits="0" number="77"/>
<line branch="false" hits="0" number="47"/>
<line branch="false" hits="0" number="82"/>
<line branch="true" condition-coverage="50% (1/2)" hits="4" number="148">
<conditions>
<condition coverage="50%" number="0" type="jump"/>
</conditions>
</line>
<line branch="false" hits="0" number="85"/>
<line branch="false" hits="0" number="88"/>
<line branch="false" hits="0" number="100"/>
<line branch="false" hits="0" number="60"/>
<line branch="false" hits="0" number="94"/>
</lines>
</class>
<class branch-rate="0.5" complexity="0.0" filename="/home/michael/git/cse409/pin/MyPinTool/yep/gtest/include/gtest/gtest.h" line-rate="0.451327433628" name="gtest_h">
<methods/>
<lines>
<line branch="false" hits="0" number="1024"/>
<line branch="false" hits="0" number="1025"/>
<line branch="false" hits="0" number="1026"/>
<line branch="false" hits="0" number="1027"/>
<line branch="false" hits="4" number="516"/>
<line branch="false" hits="2" number="528"/>
<line branch="false" hits="0" number="1028"/>
<line branch="false" hits="6" number="768"/>
<line branch="false" hits="0" number="774"/>
<line branch="false" hits="2" number="561"/>
<line branch="false" hits="0" number="582"/>
<line branch="false" hits="0" number="585"/>
<line branch="false" hits="2" number="846"/>
<line branch="false" hits="6" number="628"/>
<line branch="false" hits="10" number="631"/>
<line branch="false" hits="2" number="635"/>
<line branch="true" condition-coverage="50% (1/2)" hits="2" number="636">
<conditions>
<condition coverage="50%" number="0" type="jump"/>
</conditions>
</line>
<line branch="false" hits="0" number="637"/>
<line branch="false" hits="2" number="638"/>
<line branch="false" hits="0" number="643"/>
<line branch="false" hits="0" number="644"/>
<line branch="false" hits="0" number="645"/>
<line branch="false" hits="0" number="646"/>
<line branch="false" hits="16" number="665"/>
<line branch="false" hits="2" number="668"/>
<line branch="false" hits="2" number="672"/>
<line branch="false" hits="14" number="676"/>
<line branch="false" hits="0" number="707"/>
<line branch="false" hits="0" number="708"/>
<line branch="false" hits="2" number="715"/>
<line branch="false" hits="2" number="716"/>
<line branch="false" hits="0" number="1741"/>
<line branch="false" hits="0" number="1742"/>
<line branch="false" hits="2" number="717"/>
<line branch="false" hits="0" number="1746"/>
<line branch="false" hits="42" number="1255"/>
<line branch="false" hits="18" number="1256"/>
<line branch="false" hits="2" number="2287"/>
<line branch="false" hits="2" number="2288"/>
<line branch="false" hits="0" number="297"/>
<line branch="false" hits="14" number="256"/>
<line branch="false" hits="2" number="772"/>
<line branch="true" condition-coverage="50% (1/2)" hits="2" number="773">
<conditions>
<condition coverage="50%" number="0" type="jump"/>
</conditions>
</line>
<line branch="false" hits="14" number="262"/>
<line branch="false" hits="2" number="775"/>
<line branch="false" hits="14" number="265"/>
<line branch="false" hits="10" number="779"/>
<line branch="false" hits="0" number="274"/>
<line branch="false" hits="0" number="275"/>
<line branch="false" hits="0" number="279"/>
<line branch="false" hits="0" number="282"/>
<line branch="false" hits="0" number="283"/>
<line branch="false" hits="0" number="284"/>
<line branch="false" hits="0" number="803"/>
<line branch="false" hits="4" number="806"/>
<line branch="false" hits="2" number="809"/>
<line branch="false" hits="0" number="298"/>
<line branch="false" hits="0" number="299"/>
<line branch="false" hits="0" number="300"/>
<line branch="false" hits="0" number="301"/>
<line branch="false" hits="0" number="817"/>
<line branch="false" hits="6" number="824"/>
<line branch="false" hits="2" number="827"/>
<line branch="false" hits="2" number="828"/>
<line branch="false" hits="4" number="836"/>
<line branch="false" hits="0" number="1357"/>
<line branch="false" hits="0" number="1358"/>
<line branch="false" hits="2" number="847"/>
<line branch="false" hits="2" number="848"/>
<line branch="false" hits="2" number="855"/>
<line branch="false" hits="2" number="859"/>
<line branch="false" hits="2" number="862"/>
<line branch="true" condition-coverage="50% (2/4)" hits="2" number="863">
<conditions>
<condition coverage="50%" number="0" type="jump"/>
</conditions>
</line>
<line branch="false" hits="6" number="867"/>
<line branch="true" condition-coverage="50% (2/4)" hits="6" number="868">
<conditions>
<condition coverage="50%" number="0" type="jump"/>
</conditions>
</line>
<line branch="false" hits="2" number="873"/>
<line branch="true" condition-coverage="50% (2/4)" hits="2" number="874">
<conditions>
<condition coverage="50%" number="0" type="jump"/>
</conditions>
</line>
<line branch="false" hits="2" number="365"/>
<line branch="false" hits="0" number="878"/>
<line branch="false" hits="0" number="879"/>
<line branch="false" hits="0" number="883"/>
<line branch="false" hits="0" number="884"/>
<line branch="false" hits="2" number="373"/>
<line branch="false" hits="8" number="888"/>
<line branch="false" hits="8" number="889"/>
<line branch="false" hits="0" number="1431"/>
<line branch="false" hits="0" number="1433"/>
<line branch="true" condition-coverage="50% (1/2)" hits="2" number="429">
<conditions>
<condition coverage="50%" number="0" type="jump"/>
</conditions>
</line>
<line branch="false" hits="4" number="959"/>
<line branch="true" condition-coverage="50% (1/2)" hits="4" number="961">
<conditions>
<condition coverage="50%" number="0" type="jump"/>
</conditions>
</line>
<line branch="false" hits="0" number="451"/>
<line branch="false" hits="0" number="463"/>
<line branch="false" hits="0" number="468"/>
<line branch="false" hits="0" number="469"/>
<line branch="false" hits="0" number="470"/>
<line branch="false" hits="0" number="473"/>
<line branch="false" hits="0" number="474"/>
<line branch="false" hits="0" number="478"/>
<line branch="false" hits="0" number="479"/>
<line branch="false" hits="0" number="483"/>
<line branch="false" hits="0" number="484"/>
<line branch="false" hits="0" number="485"/>
<line branch="false" hits="0" number="1012"/>
<line branch="false" hits="0" number="1014"/>
<line branch="false" hits="0" number="1015"/>
<line branch="false" hits="0" number="1016"/>
<line branch="false" hits="0" number="1017"/>
<line branch="false" hits="0" number="1018"/>
<line branch="false" hits="0" number="1019"/>
<line branch="false" hits="0" number="1020"/>
<line branch="false" hits="0" number="1021"/>
<line branch="false" hits="0" number="1022"/>
<line branch="false" hits="0" number="1023"/>
</lines>
</class>
</classes>
</package>
<package branch-rate="0.5" complexity="0.0" line-rate="0.38202247191" name=".home.michael.git.cse409.pin.MyPinTool.yep.gtest.include.gtest.internal">
<classes>
<class branch-rate="0.5" complexity="0.0" filename="/home/michael/git/cse409/pin/MyPinTool/yep/gtest/include/gtest/internal/gtest-death-test-internal.h" line-rate="0.214285714286" name="gtest-death-test-internal_h">
<methods/>
<lines>
<line branch="true" condition-coverage="50% (1/2)" hits="6" number="148">
<conditions>
<condition coverage="50%" number="0" type="jump"/>
</conditions>
</line>
<line branch="false" hits="2" number="140"/>
<line branch="false" hits="0" number="236"/>
<line branch="true" condition-coverage="50% (1/2)" hits="2" number="142">
<conditions>
<condition coverage="50%" number="0" type="jump"/>
</conditions>
</line>
<line branch="false" hits="0" number="241"/>
<line branch="false" hits="0" number="82"/>
<line branch="false" hits="0" number="243"/>
<line branch="false" hits="0" number="244"/>
<line branch="false" hits="0" number="245"/>
<line branch="false" hits="0" number="246"/>
<line branch="false" hits="0" number="248"/>
<line branch="false" hits="0" number="249"/>
<line branch="false" hits="0" number="250"/>
<line branch="false" hits="0" number="251"/>
</lines>
</class>
<class branch-rate="0.5" complexity="0.0" filename="/home/michael/git/cse409/pin/MyPinTool/yep/gtest/include/gtest/internal/gtest-filepath.h" line-rate="0.6" name="gtest-filepath_h">
<methods/>
<lines>
<line branch="false" hits="2" number="64"/>
<line branch="true" condition-coverage="50% (1/2)" hits="2" number="65">
<conditions>
<condition coverage="50%" number="0" type="jump"/>
</conditions>
</line>
<line branch="false" hits="2" number="66"/>
<line branch="false" hits="0" number="68"/>
<line branch="false" hits="0" number="69"/>
<line branch="false" hits="0" number="70"/>
<line branch="false" hits="2" number="73"/>
<line branch="false" hits="2" number="74"/>
<line branch="false" hits="2" number="75"/>
<line branch="false" hits="0" number="77"/>
<line branch="false" hits="0" number="78"/>
<line branch="false" hits="4" number="111"/>
<line branch="false" hits="4" number="59"/>
<line branch="true" condition-coverage="50% (1/2)" hits="2" number="61">
<conditions>
<condition coverage="50%" number="0" type="jump"/>
</conditions>
</line>
<line branch="false" hits="0" number="62"/>
</lines>
</class>
<class branch-rate="0.5" complexity="0.0" filename="/home/michael/git/cse409/pin/MyPinTool/yep/gtest/include/gtest/internal/gtest-internal.h" line-rate="0.189189189189" name="gtest-internal_h">
<methods/>
<lines>
<line branch="false" hits="0" number="148"/>
<line branch="false" hits="0" number="280"/>
<line branch="false" hits="0" number="542"/>
<line branch="false" hits="0" number="543"/>
<line branch="false" hits="0" number="544"/>
<line branch="false" hits="0" number="545"/>
<line branch="false" hits="0" number="547"/>
<line branch="false" hits="0" number="548"/>
<line branch="false" hits="4" number="422"/>
<line branch="false" hits="2" number="680"/>
<line branch="false" hits="0" number="553"/>
<line branch="false" hits="0" number="554"/>
<line branch="false" hits="0" number="555"/>
<line branch="false" hits="0" number="307"/>
<line branch="true" condition-coverage="50% (1/2)" hits="2" number="436">
<conditions>
<condition coverage="50%" number="0" type="jump"/>
</conditions>
</line>
<line branch="false" hits="0" number="310"/>
<line branch="false" hits="2" number="443"/>
<line branch="false" hits="0" number="316"/>
<line branch="false" hits="0" number="319"/>
<line branch="true" condition-coverage="50% (1/2)" hits="6" number="452">
<conditions>
<condition coverage="50%" number="0" type="jump"/>
</conditions>
</line>
<line branch="true" condition-coverage="50% (1/2)" hits="2" number="454">
<conditions>
<condition coverage="50%" number="0" type="jump"/>
</conditions>
</line>
<line branch="false" hits="4" number="417"/>
<line branch="false" hits="0" number="328"/>
<line branch="false" hits="0" number="331"/>
<line branch="false" hits="0" number="333"/>
<line branch="false" hits="0" number="334"/>
<line branch="false" hits="0" number="869"/>
<line branch="false" hits="0" number="359"/>
<line branch="false" hits="0" number="360"/>
<line branch="false" hits="0" number="362"/>
<line branch="false" hits="0" number="365"/>
<line branch="false" hits="0" number="371"/>
<line branch="false" hits="0" number="373"/>
<line branch="false" hits="0" number="374"/>
<line branch="false" hits="0" number="375"/>
<line branch="false" hits="0" number="660"/>
<line branch="false" hits="0" number="682"/>
</lines>
</class>
<class branch-rate="0.5" complexity="0.0" filename="/home/michael/git/cse409/pin/MyPinTool/yep/gtest/include/gtest/internal/gtest-param-util.h" line-rate="0.818181818182" name="gtest-param-util_h">
<methods/>
<lines>
<line branch="false" hits="2" number="558"/>
<line branch="false" hits="4" number="559"/>
<line branch="true" condition-coverage="50% (3/6)" hits="6" number="560">
<conditions>
<condition coverage="50%" number="0" type="jump"/>
</conditions>
</line>
<line branch="true" condition-coverage="50% (1/2)" hits="4" number="561">
<conditions>
<condition coverage="50%" number="0" type="jump"/>
</conditions>
</line>
<line branch="false" hits="0" number="562"/>
<line branch="false" hits="2" number="564"/>
<line branch="false" hits="2" number="599"/>
<line branch="true" condition-coverage="50% (3/6)" hits="6" number="600">
<conditions>
<condition coverage="50%" number="0" type="jump"/>
</conditions>
</line>
<line branch="true" condition-coverage="50% (1/2)" hits="4" number="601">
<conditions>
<condition coverage="50%" number="0" type="jump"/>
</conditions>
</line>
<line branch="false" hits="0" number="602"/>
<line branch="false" hits="2" number="604"/>
</lines>
</class>
<class branch-rate="0.5" complexity="0.0" filename="/home/michael/git/cse409/pin/MyPinTool/yep/gtest/include/gtest/internal/gtest-port.h" line-rate="0.39603960396" name="gtest-port_h">
<methods/>
<lines>
<line branch="false" hits="0" number="1031"/>
<line branch="false" hits="0" number="1043"/>
<line branch="false" hits="0" number="1044"/>
<line branch="false" hits="0" number="1098"/>
<line branch="false" hits="0" number="1145"/>
<line branch="false" hits="0" number="1147"/>
<line branch="false" hits="0" number="1148"/>
<line branch="false" hits="0" number="1665"/>
<line branch="false" hits="0" number="1666"/>
<line branch="false" hits="0" number="1671"/>
<line branch="false" hits="0" number="1672"/>
<line branch="false" hits="0" number="1677"/>
<line branch="false" hits="0" number="1678"/>
<line branch="false" hits="0" number="1680"/>
<line branch="false" hits="0" number="1681"/>
<line branch="false" hits="0" number="1682"/>
<line branch="false" hits="560" number="1688"/>
<line branch="false" hits="560" number="1689"/>
<line branch="false" hits="2" number="1741"/>
<line branch="false" hits="2" number="1742"/>
<line branch="false" hits="0" number="1743"/>
<line branch="false" hits="2" number="1744"/>
<line branch="false" hits="2" number="1745"/>
<line branch="false" hits="0" number="1747"/>
<line branch="false" hits="0" number="1749"/>
<line branch="false" hits="0" number="1772"/>
<line branch="false" hits="0" number="1773"/>
<line branch="false" hits="0" number="1779"/>
<line branch="false" hits="0" number="1781"/>
<line branch="false" hits="0" number="1783"/>
<line branch="false" hits="0" number="1784"/>
<line branch="false" hits="0" number="1786"/>
<line branch="false" hits="0" number="1787"/>
<line branch="false" hits="0" number="1789"/>
<line branch="false" hits="0" number="1790"/>
<line branch="false" hits="44" number="1792"/>
<line branch="false" hits="44" number="1802"/>
<line branch="false" hits="0" number="1816"/>
<line branch="false" hits="12" number="1336"/>
<line branch="false" hits="0" number="1339"/>
<line branch="false" hits="0" number="1340"/>
<line branch="false" hits="0" number="1341"/>
<line branch="false" hits="0" number="1342"/>
<line branch="false" hits="0" number="1343"/>
<line branch="false" hits="0" number="1346"/>
<line branch="false" hits="0" number="1351"/>
<line branch="false" hits="0" number="1352"/>
<line branch="false" hits="0" number="1353"/>
<line branch="false" hits="12" number="1396"/>
<line branch="true" condition-coverage="50% (1/2)" hits="12" number="1397">
<conditions>
<condition coverage="50%" number="0" type="jump"/>
</conditions>
</line>
<line branch="false" hits="12" number="1398"/>
<line branch="false" hits="12" number="1399"/>
<line branch="false" hits="12" number="1400"/>
<line branch="true" condition-coverage="50% (1/2)" hits="12" number="1401">
<conditions>
<condition coverage="50%" number="0" type="jump"/>
</conditions>
</line>
<line branch="false" hits="12" number="1402"/>
<line branch="false" hits="112" number="894"/>
<line branch="false" hits="112" number="895"/>
<line branch="false" hits="736" number="897"/>
<line branch="false" hits="0" number="898"/>
<line branch="false" hits="96" number="899"/>
<line branch="false" hits="0" number="1413"/>
<line branch="false" hits="0" number="1414"/>
<line branch="false" hits="0" number="1416"/>
<line branch="false" hits="114" number="907"/>
<line branch="true" condition-coverage="50% (3/6)" hits="114" number="908">
<conditions>
<condition coverage="50%" number="0" type="jump"/>
</conditions>
</line>
<line branch="true" condition-coverage="50% (1/2)" hits="90" number="909">
<conditions>
<condition coverage="50%" number="0" type="jump"/>
</conditions>
</line>
<line branch="true" condition-coverage="50% (1/2)" hits="90" number="910">
<conditions>
<condition coverage="50%" number="0" type="jump"/>
</conditions>
</line>
<line branch="false" hits="90" number="912"/>
<line branch="false" hits="114" number="914"/>
<line branch="false" hits="0" number="1432"/>
<line branch="false" hits="0" number="1434"/>
<line branch="false" hits="4" number="1439"/>
<line branch="true" condition-coverage="50% (1/2)" hits="4" number="1440">
<conditions>
<condition coverage="50%" number="0" type="jump"/>
</conditions>
</line>
<line branch="false" hits="4" number="1441"/>
<line branch="false" hits="0" number="945"/>
<line branch="false" hits="2" number="1475"/>
<line branch="false" hits="2" number="1476"/>
<line branch="false" hits="2" number="1477"/>
<line branch="false" hits="2" number="1478"/>
<line branch="false" hits="4" number="1480"/>
<line branch="true" condition-coverage="50% (1/2)" hits="4" number="1482">
<conditions>
<condition coverage="50%" number="0" type="jump"/>
</conditions>
</line>
<line branch="true" condition-coverage="50% (2/4)" hits="4" number="1486">
<conditions>
<condition coverage="50%" number="0" type="jump"/>
</conditions>
</line>
<line branch="false" hits="4" number="1487"/>
<line branch="false" hits="0" number="1489"/>
<line branch="false" hits="0" number="1490"/>
<line branch="false" hits="0" number="1491"/>
<line branch="false" hits="0" number="1492"/>
<line branch="false" hits="0" number="1496"/>
<line branch="false" hits="0" number="1498"/>
<line branch="false" hits="0" number="1500"/>
<line branch="false" hits="4" number="1507"/>
<line branch="true" condition-coverage="50% (2/4)" hits="4" number="1511">
<conditions>
<condition coverage="50%" number="0" type="jump"/>
</conditions>
</line>
<line branch="false" hits="4" number="1513"/>
<line branch="false" hits="0" number="1516"/>
<line branch="false" hits="0" number="1518"/>
<line branch="false" hits="0" number="1519"/>
<line branch="false" hits="0" number="1520"/>
<line branch="false" hits="0" number="1523"/>
<line branch="false" hits="0" number="1524"/>
<line branch="false" hits="0" number="1525"/>
<line branch="false" hits="0" number="1526"/>
</lines>
</class>
</classes>
</package>
<package branch-rate="0.541666666667" complexity="0.0" line-rate="0.285766961652" name=".home.michael.git.cse409.pin.MyPinTool.yep.gtest.src">
<classes>
<class branch-rate="0.5" complexity="0.0" filename="/home/michael/git/cse409/pin/MyPinTool/yep/gtest/src/gtest-death-test.cc" line-rate="0.0174927113703" name="gtest-death-test_cc">
<methods/>
<lines>
<line branch="true" condition-coverage="50% (2/4)" hits="2" number="85">
<conditions>
<condition coverage="50%" number="0" type="jump"/>
</conditions>
</line>
<line branch="false" hits="2" number="94"/>
<line branch="true" condition-coverage="50% (1/2)" hits="2" number="107">
<conditions>
<condition coverage="50%" number="0" type="jump"/>
</conditions>
</line>
<line branch="false" hits="0" number="130"/>
<line branch="false" hits="0" number="139"/>
<line branch="false" hits="0" number="140"/>
<line branch="false" hits="0" number="142"/>
<line branch="false" hits="0" number="149"/>
<line branch="false" hits="0" number="150"/>
<line branch="false" hits="0" number="153"/>
<line branch="false" hits="0" number="160"/>
<line branch="false" hits="0" number="167"/>
<line branch="false" hits="0" number="168"/>
<line branch="false" hits="0" number="171"/>
<line branch="false" hits="0" number="172"/>
<line branch="false" hits="0" number="182"/>
<line branch="false" hits="0" number="183"/>
<line branch="false" hits="0" number="191"/>
<line branch="false" hits="0" number="192"/>
<line branch="false" hits="0" number="193"/>
<line branch="false" hits="0" number="194"/>
<line branch="false" hits="0" number="197"/>
<line branch="false" hits="0" number="198"/>
<line branch="false" hits="0" number="203"/>
<line branch="false" hits="0" number="208"/>
<line branch="false" hits="0" number="209"/>
<line branch="false" hits="0" number="217"/>
<line branch="false" hits="0" number="218"/>
<line branch="false" hits="0" number="219"/>
<line branch="false" hits="0" number="220"/>
<line branch="false" hits="0" number="221"/>
<line branch="false" hits="0" number="222"/>
<line branch="false" hits="0" number="224"/>
<line branch="false" hits="0" number="225"/>
<line branch="false" hits="0" number="251"/>
<line branch="false" hits="0" number="256"/>
<line branch="false" hits="0" number="257"/>
<line branch="false" hits="0" number="258"/>
<line branch="false" hits="0" number="259"/>
<line branch="false" hits="0" number="260"/>
<line branch="false" hits="0" number="261"/>
<line branch="false" hits="0" number="262"/>
<line branch="false" hits="0" number="264"/>
<line branch="false" hits="0" number="265"/>
<line branch="false" hits="0" number="266"/>
<line branch="false" hits="0" number="268"/>
<line branch="false" hits="0" number="304"/>
<line branch="false" hits="0" number="305"/>
<line branch="false" hits="0" number="312"/>
<line branch="false" hits="0" number="313"/>
<line branch="false" hits="0" number="317"/>
<line branch="false" hits="0" number="318"/>
<line branch="false" hits="0" number="319"/>
<line branch="false" hits="0" number="320"/>
<line branch="false" hits="0" number="322"/>
<line branch="false" hits="0" number="324"/>
<line branch="false" hits="0" number="325"/>
<line branch="false" hits="0" number="327"/>
<line branch="false" hits="0" number="328"/>
<line branch="false" hits="0" number="329"/>
<line branch="false" hits="0" number="330"/>
<line branch="false" hits="0" number="331"/>
<line branch="false" hits="0" number="335"/>
<line branch="false" hits="0" number="336"/>
<line branch="false" hits="0" number="337"/>
<line branch="false" hits="0" number="339"/>
<line branch="false" hits="0" number="341"/>
<line branch="false" hits="0" number="345"/>
<line branch="false" hits="0" number="347"/>
<line branch="false" hits="0" number="348"/>
<line branch="false" hits="0" number="351"/>
<line branch="false" hits="0" number="352"/>
<line branch="false" hits="0" number="355"/>
<line branch="false" hits="0" number="356"/>
<line branch="false" hits="0" number="357"/>
<line branch="false" hits="2" number="359"/>
<line branch="false" hits="0" number="364"/>
<line branch="false" hits="0" number="371"/>
<line branch="false" hits="0" number="374"/>
<line branch="false" hits="0" number="379"/>
<line branch="false" hits="0" number="380"/>
<line branch="false" hits="0" number="381"/>
<line branch="false" hits="0" number="382"/>
<line branch="false" hits="0" number="383"/>
<line branch="false" hits="0" number="384"/>
<line branch="false" hits="0" number="385"/>
<line branch="false" hits="0" number="386"/>
<line branch="false" hits="0" number="387"/>
<line branch="false" hits="0" number="388"/>
<line branch="false" hits="0" number="389"/>
<line branch="false" hits="0" number="390"/>
<line branch="false" hits="0" number="425"/>
<line branch="false" hits="0" number="433"/>
<line branch="false" hits="0" number="434"/>
<line branch="false" hits="0" number="435"/>
<line branch="false" hits="0" number="437"/>
<line branch="false" hits="0" number="438"/>
<line branch="false" hits="0" number="439"/>
<line branch="false" hits="0" number="440"/>
<line branch="false" hits="0" number="442"/>
<line branch="false" hits="0" number="443"/>
<line branch="false" hits="0" number="445"/>
<line branch="false" hits="0" number="446"/>
<line branch="false" hits="0" number="448"/>
<line branch="false" hits="0" number="449"/>
<line branch="false" hits="0" number="451"/>
<line branch="false" hits="0" number="452"/>
<line branch="false" hits="0" number="454"/>
<line branch="false" hits="0" number="455"/>
<line branch="false" hits="0" number="456"/>
<line branch="false" hits="0" number="459"/>
<line branch="false" hits="0" number="460"/>
<line branch="false" hits="0" number="462"/>
<line branch="false" hits="0" number="463"/>
<line branch="false" hits="0" number="464"/>
<line branch="false" hits="0" number="470"/>
<line branch="false" hits="0" number="476"/>
<line branch="false" hits="0" number="478"/>
<line branch="false" hits="0" number="487"/>
<line branch="false" hits="0" number="493"/>
<line branch="false" hits="0" number="494"/>
<line branch="false" hits="0" number="495"/>
<line branch="false" hits="0" number="496"/>
<line branch="false" hits="0" number="497"/>
<line branch="false" hits="0" number="498"/>
<line branch="false" hits="0" number="499"/>
<line branch="false" hits="0" number="500"/>
<line branch="false" hits="0" number="502"/>
<line branch="false" hits="0" number="503"/>
<line branch="false" hits="0" number="504"/>
<line branch="false" hits="0" number="505"/>
<line branch="false" hits="0" number="530"/>
<line branch="false" hits="0" number="531"/>
<line branch="false" hits="0" number="532"/>
<line branch="false" hits="0" number="534"/>
<line branch="false" hits="0" number="536"/>
<line branch="false" hits="0" number="537"/>
<line branch="false" hits="0" number="539"/>
<line branch="false" hits="0" number="540"/>
<line branch="false" hits="0" number="542"/>
<line branch="false" hits="0" number="543"/>
<line branch="false" hits="0" number="544"/>
<line branch="false" hits="0" number="546"/>
<line branch="false" hits="0" number="547"/>
<line branch="false" hits="0" number="548"/>
<line branch="false" hits="0" number="550"/>
<line branch="false" hits="0" number="551"/>
<line branch="false" hits="0" number="552"/>
<line branch="false" hits="0" number="554"/>
<line branch="false" hits="0" number="555"/>
<line branch="false" hits="0" number="556"/>
<line branch="false" hits="0" number="557"/>
<line branch="false" hits="0" number="559"/>
<line branch="false" hits="0" number="560"/>
<line branch="false" hits="0" number="561"/>
<line branch="false" hits="0" number="564"/>
<line branch="false" hits="0" number="565"/>
<line branch="false" hits="0" number="566"/>
<line branch="false" hits="0" number="568"/>
<line branch="false" hits="0" number="571"/>
<line branch="false" hits="0" number="572"/>
<line branch="false" hits="0" number="575"/>
<line branch="false" hits="0" number="576"/>
<line branch="false" hits="0" number="776"/>
<line branch="false" hits="0" number="784"/>
<line branch="false" hits="0" number="792"/>
<line branch="false" hits="0" number="794"/>
<line branch="false" hits="0" number="799"/>
<line branch="false" hits="0" number="800"/>
<line branch="false" hits="0" number="801"/>
<line branch="false" hits="0" number="803"/>
<line branch="false" hits="0" number="806"/>
<line branch="false" hits="0" number="807"/>
<line branch="false" hits="0" number="808"/>
<line branch="false" hits="0" number="813"/>
<line branch="false" hits="0" number="815"/>
<line branch="false" hits="0" number="816"/>
<line branch="false" hits="0" number="822"/>
<line branch="false" hits="0" number="823"/>
<line branch="false" hits="0" number="824"/>
<line branch="false" hits="0" number="825"/>
<line branch="false" hits="0" number="829"/>
<line branch="false" hits="0" number="831"/>
<line branch="false" hits="0" number="832"/>
<line branch="false" hits="0" number="840"/>
<line branch="false" hits="0" number="842"/>
<line branch="false" hits="0" number="843"/>
<line branch="false" hits="0" number="844"/>
<line branch="false" hits="0" number="845"/>
<line branch="false" hits="0" number="846"/>
<line branch="false" hits="0" number="847"/>
<line branch="false" hits="0" number="851"/>
<line branch="false" hits="0" number="854"/>
<line branch="false" hits="0" number="855"/>
<line branch="false" hits="0" number="856"/>
<line branch="false" hits="0" number="858"/>
<line branch="false" hits="0" number="859"/>
<line branch="false" hits="0" number="860"/>
<line branch="false" hits="0" number="861"/>
<line branch="false" hits="0" number="868"/>
<line branch="false" hits="0" number="870"/>
<line branch="false" hits="0" number="872"/>
<line branch="false" hits="0" number="876"/>
<line branch="false" hits="0" number="877"/>
<line branch="false" hits="0" number="878"/>
<line branch="false" hits="0" number="889"/>
<line branch="false" hits="0" number="890"/>
<line branch="false" hits="0" number="891"/>
<line branch="false" hits="0" number="893"/>
<line branch="false" hits="0" number="894"/>
<line branch="false" hits="0" number="896"/>
<line branch="false" hits="0" number="898"/>
<line branch="false" hits="0" number="899"/>
<line branch="false" hits="0" number="900"/>
<line branch="false" hits="0" number="901"/>
<line branch="false" hits="0" number="904"/>
<line branch="false" hits="0" number="905"/>
<line branch="false" hits="0" number="906"/>
<line branch="false" hits="0" number="908"/>
<line branch="false" hits="0" number="910"/>
<line branch="false" hits="0" number="911"/>
<line branch="false" hits="0" number="912"/>
<line branch="false" hits="0" number="937"/>
<line branch="false" hits="0" number="944"/>
<line branch="false" hits="0" number="945"/>
<line branch="false" hits="0" number="946"/>
<line branch="false" hits="0" number="952"/>
<line branch="false" hits="0" number="954"/>
<line branch="false" hits="0" number="955"/>
<line branch="false" hits="0" number="956"/>
<line branch="false" hits="0" number="957"/>
<line branch="false" hits="0" number="965"/>
<line branch="false" hits="0" number="966"/>
<line branch="false" hits="0" number="967"/>
<line branch="false" hits="0" number="968"/>
<line branch="false" hits="0" number="969"/>
<line branch="false" hits="0" number="983"/>
<line branch="false" hits="0" number="985"/>
<line branch="false" hits="0" number="986"/>
<line branch="false" hits="0" number="988"/>
<line branch="false" hits="0" number="991"/>
<line branch="false" hits="0" number="992"/>
<line branch="false" hits="0" number="1002"/>
<line branch="false" hits="0" number="1003"/>
<line branch="false" hits="0" number="1004"/>
<line branch="false" hits="0" number="1043"/>
<line branch="false" hits="0" number="1044"/>
<line branch="false" hits="0" number="1045"/>
<line branch="false" hits="0" number="1046"/>
<line branch="false" hits="0" number="1051"/>
<line branch="false" hits="0" number="1053"/>
<line branch="false" hits="0" number="1054"/>
<line branch="false" hits="0" number="1055"/>
<line branch="false" hits="0" number="1058"/>
<line branch="false" hits="0" number="1059"/>
<line branch="false" hits="0" number="1067"/>
<line branch="false" hits="0" number="1069"/>
<line branch="false" hits="0" number="1070"/>
<line branch="false" hits="0" number="1071"/>
<line branch="false" hits="0" number="1074"/>
<line branch="false" hits="0" number="1076"/>
<line branch="false" hits="0" number="1082"/>
<line branch="false" hits="0" number="1083"/>
<line branch="false" hits="0" number="1084"/>
<line branch="false" hits="0" number="1088"/>
<line branch="false" hits="0" number="1092"/>
<line branch="false" hits="0" number="1093"/>
<line branch="false" hits="0" number="1100"/>
<line branch="false" hits="0" number="1101"/>
<line branch="false" hits="0" number="1103"/>
<line branch="false" hits="0" number="1104"/>
<line branch="false" hits="0" number="1105"/>
<line branch="false" hits="0" number="1107"/>
<line branch="false" hits="0" number="1108"/>
<line branch="false" hits="0" number="1109"/>
<line branch="false" hits="0" number="1113"/>
<line branch="false" hits="0" number="1116"/>
<line branch="false" hits="0" number="1119"/>
<line branch="false" hits="0" number="1120"/>
<line branch="false" hits="0" number="1122"/>
<line branch="false" hits="0" number="1123"/>
<line branch="false" hits="0" number="1124"/>
<line branch="false" hits="0" number="1125"/>
<line branch="false" hits="0" number="1126"/>
<line branch="false" hits="0" number="1127"/>
<line branch="false" hits="0" number="1128"/>
<line branch="false" hits="0" number="1129"/>
<line branch="false" hits="0" number="1131"/>
<line branch="false" hits="0" number="1133"/>
<line branch="false" hits="0" number="1136"/>
<line branch="false" hits="0" number="1138"/>
<line branch="false" hits="0" number="1139"/>
<line branch="false" hits="0" number="1140"/>
<line branch="false" hits="0" number="1141"/>
<line branch="false" hits="0" number="1142"/>
<line branch="false" hits="0" number="1143"/>
<line branch="false" hits="0" number="1153"/>
<line branch="false" hits="0" number="1156"/>
<line branch="false" hits="0" number="1158"/>
<line branch="false" hits="0" number="1160"/>
<line branch="false" hits="0" number="1162"/>
<line branch="false" hits="0" number="1163"/>
<line branch="false" hits="0" number="1165"/>
<line branch="false" hits="0" number="1166"/>
<line branch="false" hits="0" number="1167"/>
<line branch="false" hits="0" number="1168"/>
<line branch="false" hits="0" number="1171"/>
<line branch="false" hits="0" number="1172"/>
<line branch="false" hits="0" number="1173"/>
<line branch="false" hits="0" number="1174"/>
<line branch="false" hits="0" number="1187"/>
<line branch="false" hits="0" number="1188"/>
<line branch="false" hits="0" number="1189"/>
<line branch="false" hits="0" number="1190"/>
<line branch="false" hits="0" number="1197"/>
<line branch="false" hits="0" number="1198"/>
<line branch="false" hits="0" number="1199"/>
<line branch="false" hits="0" number="1202"/>
<line branch="false" hits="0" number="1208"/>
<line branch="false" hits="0" number="1210"/>
<line branch="false" hits="0" number="1211"/>
<line branch="false" hits="0" number="1212"/>
<line branch="false" hits="0" number="1213"/>
<line branch="false" hits="0" number="1214"/>
<line branch="false" hits="0" number="1215"/>
<line branch="false" hits="0" number="1216"/>
<line branch="false" hits="0" number="1218"/>
<line branch="false" hits="0" number="1219"/>
<line branch="false" hits="0" number="1222"/>
<line branch="false" hits="0" number="1223"/>
<line branch="false" hits="2" number="1296"/>
<line branch="true" condition-coverage="50% (2/4)" hits="2" number="1297">
<conditions>
<condition coverage="50%" number="0" type="jump"/>
</conditions>
</line>
<line branch="false" hits="0" number="1301"/>
<line branch="false" hits="0" number="1302"/>
<line branch="false" hits="0" number="1303"/>
<line branch="false" hits="0" number="1304"/>
<line branch="false" hits="0" number="1305"/>
<line branch="false" hits="0" number="1327"/>
<line branch="false" hits="0" number="1328"/>
<line branch="false" hits="0" number="1329"/>
<line branch="false" hits="0" number="1330"/>
<line branch="false" hits="0" number="1332"/>
<line branch="false" hits="0" number="1337"/>
</lines>
</class>
<class branch-rate="0.666666666667" complexity="0.0" filename="/home/michael/git/cse409/pin/MyPinTool/yep/gtest/src/gtest-filepath.cc" line-rate="0.241758241758" name="gtest-filepath_cc">
<methods/>
<lines>
<line branch="false" hits="66" number="92"/>
<line branch="false" hits="66" number="96"/>
<line branch="false" hits="2" number="101"/>
<line branch="false" hits="2" number="110"/>
<line branch="true" condition-coverage="50% (4/8)" hits="2" number="111">
<conditions>
<condition coverage="50%" number="0" type="jump"/>
</conditions>
</line>
<line branch="false" hits="0" number="119"/>
<line branch="false" hits="0" number="120"/>
<line branch="false" hits="0" number="121"/>
<line branch="false" hits="0" number="123"/>
<line branch="false" hits="0" number="125"/>
<line branch="false" hits="0" number="131"/>
<line branch="false" hits="0" number="132"/>
<line branch="false" hits="0" number="141"/>
<line branch="false" hits="0" number="150"/>
<line branch="false" hits="0" number="151"/>
<line branch="false" hits="0" number="152"/>
<line branch="false" hits="0" number="161"/>
<line branch="false" hits="0" number="162"/>
<line branch="false" hits="0" number="163"/>
<line branch="false" hits="0" number="164"/>
<line branch="false" hits="0" number="165"/>
<line branch="false" hits="0" number="167"/>
<line branch="false" hits="0" number="169"/>
<line branch="false" hits="0" number="178"/>
<line branch="false" hits="0" number="182"/>
<line branch="false" hits="0" number="183"/>
<line branch="false" hits="0" number="184"/>
<line branch="false" hits="0" number="186"/>
<line branch="false" hits="0" number="187"/>
<line branch="false" hits="0" number="189"/>
<line branch="false" hits="0" number="194"/>
<line branch="false" hits="0" number="196"/>
<line branch="false" hits="0" number="197"/>
<line branch="false" hits="0" number="198"/>
<line branch="false" hits="0" number="199"/>
<line branch="false" hits="0" number="204"/>
<line branch="false" hits="0" number="212"/>
<line branch="false" hits="0" number="218"/>
<line branch="false" hits="0" number="219"/>
<line branch="false" hits="0" number="226"/>
<line branch="false" hits="0" number="239"/>
<line branch="false" hits="0" number="240"/>
<line branch="false" hits="0" number="243"/>
<line branch="false" hits="0" number="248"/>
<line branch="false" hits="0" number="255"/>
<line branch="false" hits="0" number="260"/>
<line branch="false" hits="0" number="261"/>
<line branch="false" hits="0" number="269"/>
<line branch="false" hits="0" number="281"/>
<line branch="false" hits="0" number="284"/>
<line branch="false" hits="0" number="285"/>
<line branch="false" hits="0" number="286"/>
<line branch="false" hits="0" number="287"/>
<line branch="false" hits="0" number="289"/>
<line branch="false" hits="0" number="295"/>
<line branch="false" hits="0" number="296"/>
<line branch="false" hits="0" number="297"/>
<line branch="false" hits="0" number="303"/>
<line branch="false" hits="0" number="304"/>
<line branch="false" hits="0" number="305"/>
<line branch="false" hits="0" number="308"/>
<line branch="false" hits="0" number="309"/>
<line branch="false" hits="0" number="312"/>
<line branch="false" hits="0" number="313"/>
<line branch="false" hits="0" number="320"/>
<line branch="false" hits="0" number="329"/>
<line branch="false" hits="0" number="332"/>
<line branch="false" hits="0" number="333"/>
<line branch="false" hits="0" number="335"/>
<line branch="false" hits="0" number="341"/>
<line branch="false" hits="0" number="342"/>
<line branch="false" hits="0" number="343"/>
<line branch="false" hits="0" number="344"/>
<line branch="false" hits="2" number="351"/>
<line branch="true" condition-coverage="50% (1/2)" hits="2" number="352">
<conditions>
<condition coverage="50%" number="0" type="jump"/>
</conditions>
</line>
<line branch="false" hits="0" number="353"/>
<line branch="false" hits="2" number="354"/>
<line branch="false" hits="2" number="356"/>
<line branch="false" hits="2" number="357"/>
<line branch="false" hits="2" number="358"/>
<line branch="false" hits="2" number="359"/>
<line branch="true" condition-coverage="100% (2/2)" hits="54" number="361">
<conditions>
<condition coverage="100%" number="0" type="jump"/>
</conditions>
</line>
<line branch="false" hits="50" number="362"/>
<line branch="true" condition-coverage="100% (2/2)" hits="50" number="363">
<conditions>
<condition coverage="100%" number="0" type="jump"/>
</conditions>
</line>
<line branch="false" hits="42" number="364"/>
<line branch="true" condition-coverage="100% (2/2)" hits="24" number="371">
<conditions>
<condition coverage="100%" number="0" type="jump"/>
</conditions>
</line>
<line branch="false" hits="8" number="372"/>
<line branch="false" hits="50" number="374"/>
<line branch="false" hits="2" number="376"/>
<line branch="false" hits="2" number="377"/>
<line branch="true" condition-coverage="50% (1/2)" hits="2" number="378">
<conditions>
<condition coverage="50%" number="0" type="jump"/>
</conditions>
</line>
</lines>
</class>
<class branch-rate="0.536363636364" complexity="0.0" filename="/home/michael/git/cse409/pin/MyPinTool/yep/gtest/src/gtest-internal-inl.h" line-rate="0.397379912664" name="gtest-internal-inl_h">
<methods/>
<lines>
<line branch="false" hits="0" number="1024"/>
<line branch="true" condition-coverage="50% (1/2)" hits="2" number="171">
<conditions>
<condition coverage="50%" number="0" type="jump"/>
</conditions>
</line>
<line branch="false" hits="0" number="1028"/>
<line branch="false" hits="0" number="1032"/>
<line branch="true" condition-coverage="50% (1/2)" hits="2" number="172">
<conditions>
<condition coverage="50%" number="0" type="jump"/>
</conditions>
</line>
<line branch="false" hits="0" number="1034"/>
<line branch="false" hits="0" number="1035"/>
<line branch="false" hits="0" number="1036"/>
<line branch="false" hits="0" number="1037"/>
<line branch="false" hits="0" number="1039"/>
<line branch="false" hits="2" number="167"/>
<line branch="true" condition-coverage="50% (1/2)" hits="2" number="174">
<conditions>
<condition coverage="50%" number="0" type="jump"/>
</conditions>
</line>
<line branch="false" hits="2" number="819"/>
<line branch="false" hits="4" number="687"/>
<line branch="false" hits="2" number="176"/>
<line branch="true" condition-coverage="50% (1/2)" hits="2" number="666">
<conditions>
<condition coverage="50%" number="0" type="jump"/>
</conditions>
</line>
<line branch="false" hits="0" number="1070"/>
<line branch="false" hits="0" number="1073"/>
<line branch="false" hits="0" number="1075"/>
<line branch="false" hits="0" number="1081"/>
<line branch="false" hits="0" number="570"/>
<line branch="false" hits="0" number="1084"/>
<line branch="false" hits="0" number="1085"/>
<line branch="false" hits="0" number="1086"/>
<line branch="false" hits="4" number="693"/>
<line branch="false" hits="4" number="576"/>
<line branch="false" hits="0" number="1092"/>
<line branch="false" hits="0" number="1093"/>
<line branch="false" hits="0" number="1094"/>
<line branch="false" hits="0" number="1095"/>
<line branch="false" hits="0" number="1097"/>
<line branch="false" hits="0" number="586"/>
<line branch="false" hits="0" number="587"/>
<line branch="false" hits="0" number="1100"/>
<line branch="false" hits="0" number="1103"/>
<line branch="false" hits="0" number="1104"/>
<line branch="false" hits="0" number="1105"/>
<line branch="false" hits="2" number="594"/>
<line branch="false" hits="0" number="1107"/>
<line branch="false" hits="0" number="1108"/>
<line branch="false" hits="0" number="1109"/>
<line branch="false" hits="0" number="1110"/>
<line branch="false" hits="0" number="1111"/>
<line branch="false" hits="0" number="1113"/>
<line branch="false" hits="4" number="606"/>
<line branch="false" hits="0" number="1120"/>
<line branch="false" hits="0" number="1121"/>
<line branch="false" hits="0" number="1122"/>
<line branch="false" hits="0" number="1124"/>
<line branch="false" hits="0" number="1125"/>
<line branch="false" hits="0" number="1126"/>
<line branch="false" hits="0" number="1138"/>
<line branch="false" hits="0" number="1139"/>
<line branch="false" hits="0" number="1144"/>
<line branch="false" hits="0" number="1145"/>
<line branch="false" hits="0" number="1146"/>
<line branch="false" hits="0" number="1148"/>
<line branch="false" hits="0" number="1151"/>
<line branch="false" hits="0" number="1154"/>
<line branch="false" hits="0" number="1155"/>
<line branch="false" hits="0" number="1157"/>
<line branch="false" hits="0" number="1158"/>
<line branch="false" hits="0" number="135"/>
<line branch="false" hits="0" number="1160"/>
<line branch="false" hits="0" number="137"/>
<line branch="false" hits="0" number="138"/>
<line branch="false" hits="0" number="1163"/>
<line branch="false" hits="0" number="1164"/>
<line branch="false" hits="0" number="1165"/>
<line branch="false" hits="0" number="1166"/>
<line branch="false" hits="0" number="143"/>
<line branch="false" hits="0" number="144"/>
<line branch="false" hits="0" number="145"/>
<line branch="false" hits="0" number="1170"/>
<line branch="false" hits="0" number="1172"/>
<line branch="false" hits="0" number="1173"/>
<line branch="false" hits="0" number="1174"/>
<line branch="false" hits="0" number="151"/>
<line branch="false" hits="0" number="152"/>
<line branch="false" hits="0" number="153"/>
<line branch="false" hits="0" number="154"/>
<line branch="false" hits="0" number="155"/>
<line branch="false" hits="0" number="156"/>
<line branch="false" hits="0" number="1182"/>
<line branch="false" hits="0" number="1183"/>
<line branch="false" hits="0" number="1184"/>
<line branch="false" hits="0" number="1185"/>
<line branch="false" hits="0" number="1186"/>
<line branch="false" hits="0" number="1187"/>
<line branch="true" condition-coverage="50% (5/10)" hits="2" number="164">
<conditions>
<condition coverage="50%" number="0" type="jump"/>
</conditions>
</line>
<line branch="false" hits="0" number="1189"/>
<line branch="false" hits="0" number="1190"/>
<line branch="false" hits="0" number="679"/>
<line branch="false" hits="0" number="680"/>
<line branch="false" hits="0" number="1193"/>
<line branch="false" hits="0" number="1194"/>
<line branch="false" hits="0" number="1195"/>
<line branch="false" hits="0" number="1196"/>
<line branch="false" hits="2" number="173"/>
<line branch="false" hits="4" number="686"/>
<line branch="false" hits="2" number="175"/>
<line branch="false" hits="0" number="1200"/>
<line branch="false" hits="2" number="177"/>
<line branch="false" hits="2" number="178"/>
<line branch="false" hits="2" number="179"/>
<line branch="false" hits="0" number="1204"/>
<line branch="false" hits="2" number="181"/>
<line branch="false" hits="0" number="1206"/>
<line branch="false" hits="2" number="713"/>
<line branch="true" condition-coverage="50% (5/10)" hits="4" number="185">
<conditions>
<condition coverage="50%" number="0" type="jump"/>
</conditions>
</line>
<line branch="false" hits="2" number="186"/>
<line branch="false" hits="2" number="187"/>
<line branch="false" hits="2" number="188"/>
<line branch="true" condition-coverage="50% (1/2)" hits="2" number="189">
<conditions>
<condition coverage="50%" number="0" type="jump"/>
</conditions>
</line>
<line branch="true" condition-coverage="50% (1/2)" hits="2" number="190">
<conditions>
<condition coverage="50%" number="0" type="jump"/>
</conditions>
</line>
<line branch="false" hits="2" number="191"/>
<line branch="true" condition-coverage="50% (1/2)" hits="2" number="192">
<conditions>
<condition coverage="50%" number="0" type="jump"/>
</conditions>
</line>
<line branch="true" condition-coverage="50% (1/2)" hits="2" number="193">
<conditions>
<condition coverage="50%" number="0" type="jump"/>
</conditions>
</line>
<line branch="false" hits="2" number="194"/>
<line branch="true" condition-coverage="50% (1/2)" hits="2" number="195">
<conditions>
<condition coverage="50%" number="0" type="jump"/>
</conditions>
</line>
<line branch="false" hits="2" number="196"/>
<line branch="false" hits="2" number="197"/>
<line branch="false" hits="2" number="198"/>
<line branch="false" hits="2" number="199"/>
<line branch="false" hits="2" number="712"/>
<line branch="true" condition-coverage="50% (1/2)" hits="2" number="201">
<conditions>
<condition coverage="50%" number="0" type="jump"/>
</conditions>
</line>
<line branch="false" hits="2" number="202"/>
<line branch="false" hits="2" number="203"/>
<line branch="false" hits="2" number="182"/>
<line branch="false" hits="2" number="742"/>
<line branch="false" hits="2" number="743"/>
<line branch="false" hits="0" number="744"/>
<line branch="false" hits="0" number="748"/>
<line branch="false" hits="0" number="751"/>
<line branch="false" hits="0" number="752"/>
<line branch="false" hits="2" number="759"/>
<line branch="false" hits="2" number="760"/>
<line branch="false" hits="2" number="761"/>
<line branch="false" hits="0" number="766"/>
<line branch="false" hits="0" number="767"/>
<line branch="false" hits="0" number="771"/>
<line branch="false" hits="0" number="772"/>
<line branch="false" hits="16" number="812"/>
<line branch="false" hits="32" number="282"/>
<line branch="false" hits="32" number="285"/>
<line branch="false" hits="0" number="798"/>
<line branch="true" condition-coverage="75% (6/8)" hits="26" number="287">
<conditions>
<condition coverage="75%" number="0" type="jump"/>
</conditions>
</line>
<line branch="false" hits="14" number="288"/>
<line branch="false" hits="0" number="801"/>
<line branch="false" hits="32" number="290"/>
<line branch="true" condition-coverage="50% (1/2)" hits="2" number="180">
<conditions>
<condition coverage="50%" number="0" type="jump"/>
</conditions>
</line>
<line branch="false" hits="14" number="295"/>
<line branch="false" hits="14" number="296"/>
<line branch="false" hits="14" number="297"/>
<line branch="false" hits="0" number="1159"/>
<line branch="false" hits="4" number="694"/>
<line branch="false" hits="4" number="302"/>
<line branch="true" condition-coverage="50% (2/4)" hits="4" number="303">
<conditions>
<condition coverage="50%" number="0" type="jump"/>
</conditions>
</line>
<line branch="false" hits="4" number="692"/>
<line branch="false" hits="0" number="311"/>
<line branch="false" hits="0" number="313"/>
<line branch="false" hits="0" number="314"/>
<line branch="false" hits="0" number="315"/>
<line branch="false" hits="0" number="316"/>
<line branch="false" hits="0" number="317"/>
<line branch="false" hits="0" number="318"/>
<line branch="false" hits="0" number="319"/>
<line branch="false" hits="0" number="323"/>
<line branch="false" hits="0" number="324"/>
<line branch="false" hits="0" number="325"/>
<line branch="false" hits="0" number="326"/>
<line branch="false" hits="0" number="328"/>
<line branch="false" hits="0" number="332"/>
<line branch="false" hits="0" number="333"/>
<line branch="false" hits="0" number="334"/>
<line branch="false" hits="6" number="339"/>
<line branch="true" condition-coverage="50% (3/6)" hits="6" number="340">
<conditions>
<condition coverage="50%" number="0" type="jump"/>
</conditions>
</line>
<line branch="false" hits="2" number="654"/>
<line branch="false" hits="0" number="346"/>
<line branch="false" hits="0" number="351"/>
<line branch="false" hits="0" number="1168"/>
<line branch="false" hits="0" number="354"/>
<line branch="false" hits="0" number="355"/>
<line branch="false" hits="0" number="1169"/>
<line branch="false" hits="2" number="711"/>
<line branch="false" hits="2" number="573"/>
<line branch="false" hits="8" number="599"/>
<line branch="false" hits="2" number="200"/>
<line branch="true" condition-coverage="50% (1/2)" hits="2" number="490">
<conditions>
<condition coverage="50%" number="0" type="jump"/>
</conditions>
</line>
<line branch="false" hits="0" number="1175"/>
<line branch="false" hits="0" number="1176"/>
<line branch="true" condition-coverage="58% (14/24)" hits="58" number="286">
<conditions>
<condition coverage="58%" number="0" type="jump"/>
</conditions>
</line>
<line branch="true" condition-coverage="50% (1/2)" hits="2" number="664">
<conditions>
<condition coverage="50%" number="0" type="jump"/>
</conditions>
</line>
<line branch="true" condition-coverage="50% (1/2)" hits="2" number="665">
<conditions>
<condition coverage="50%" number="0" type="jump"/>
</conditions>
</line>
<line branch="false" hits="4" number="580"/>
<line branch="false" hits="0" number="1178"/>
<line branch="true" condition-coverage="50% (2/4)" hits="4" number="581">
<conditions>
<condition coverage="50%" number="0" type="jump"/>
</conditions>
</line>
<line branch="false" hits="0" number="667"/>
<line branch="true" condition-coverage="50% (1/2)" hits="2" number="420">
<conditions>
<condition coverage="50%" number="0" type="jump"/>
</conditions>
</line>
<line branch="false" hits="0" number="1179"/>
<line branch="false" hits="0" number="1009"/>
<line branch="false" hits="34" number="936"/>
<line branch="false" hits="0" number="1180"/>
<line branch="false" hits="0" number="1162"/>
<line branch="false" hits="34" number="937"/>
<line branch="true" condition-coverage="50% (2/4)" hits="4" number="440">
<conditions>
<condition coverage="50%" number="0" type="jump"/>
</conditions>
</line>
<line branch="true" condition-coverage="50% (1/2)" hits="2" number="442">
<conditions>
<condition coverage="50%" number="0" type="jump"/>
</conditions>
</line>
<line branch="true" condition-coverage="50% (1/2)" hits="2" number="168">
<conditions>
<condition coverage="50%" number="0" type="jump"/>
</conditions>
</line>
<line branch="false" hits="0" number="1098"/>
<line branch="false" hits="0" number="1099"/>
<line branch="false" hits="2" number="673"/>
<line branch="false" hits="0" number="588"/>
<line branch="false" hits="2" number="674"/>
<line branch="false" hits="0" number="466"/>
<line branch="false" hits="2" number="419"/>
<line branch="true" condition-coverage="50% (1/2)" hits="2" number="474">
<conditions>
<condition coverage="50%" number="0" type="jump"/>
</conditions>
</line>
<line branch="false" hits="2" number="165"/>
<line branch="false" hits="2" number="166"/>
<line branch="false" hits="4" number="685"/>
<line branch="false" hits="2" number="593"/>
<line branch="false" hits="0" number="1002"/>
<line branch="false" hits="0" number="1191"/>
<line branch="false" hits="0" number="1006"/>
<line branch="false" hits="0" number="1007"/>
<line branch="false" hits="0" number="1192"/>
<line branch="true" condition-coverage="50% (1/2)" hits="2" number="595">
<conditions>
<condition coverage="50%" number="0" type="jump"/>
</conditions>
</line>
<line branch="true" condition-coverage="50% (1/2)" hits="2" number="169">
<conditions>
<condition coverage="50%" number="0" type="jump"/>
</conditions>
</line>
<line branch="false" hits="2" number="170"/>
<line branch="false" hits="6" number="341"/>
</lines>
</class>
<class branch-rate="0.52" complexity="0.0" filename="/home/michael/git/cse409/pin/MyPinTool/yep/gtest/src/gtest-port.cc" line-rate="0.119760479042" name="gtest-port_cc">
<methods/>
<lines>
<line branch="false" hits="0" number="171"/>
<line branch="false" hits="0" number="516"/>
<line branch="false" hits="0" number="175"/>
<line branch="false" hits="0" number="554"/>
<line branch="false" hits="0" number="556"/>
<line branch="false" hits="0" number="557"/>
<line branch="false" hits="0" number="559"/>
<line branch="false" hits="0" number="560"/>
<line branch="false" hits="0" number="561"/>
<line branch="false" hits="0" number="562"/>
<line branch="false" hits="0" number="179"/>
<line branch="false" hits="0" number="564"/>
<line branch="false" hits="0" number="565"/>
<line branch="false" hits="0" number="566"/>
<line branch="false" hits="0" number="568"/>
<line branch="false" hits="0" number="569"/>
<line branch="false" hits="0" number="571"/>
<line branch="false" hits="0" number="572"/>
<line branch="false" hits="0" number="573"/>
<line branch="false" hits="0" number="574"/>
<line branch="false" hits="0" number="577"/>
<line branch="false" hits="0" number="578"/>
<line branch="false" hits="0" number="579"/>
<line branch="false" hits="0" number="580"/>
<line branch="false" hits="0" number="599"/>
<line branch="false" hits="0" number="600"/>
<line branch="false" hits="0" number="601"/>
<line branch="false" hits="0" number="605"/>
<line branch="false" hits="0" number="606"/>
<line branch="false" hits="0" number="607"/>
<line branch="false" hits="0" number="609"/>
<line branch="false" hits="0" number="610"/>
<line branch="false" hits="0" number="612"/>
<line branch="false" hits="0" number="616"/>
<line branch="false" hits="0" number="617"/>
<line branch="false" hits="0" number="618"/>
<line branch="false" hits="0" number="619"/>
<line branch="false" hits="0" number="621"/>
<line branch="false" hits="0" number="622"/>
<line branch="false" hits="0" number="624"/>
<line branch="false" hits="0" number="635"/>
<line branch="false" hits="0" number="636"/>
<line branch="false" hits="0" number="637"/>
<line branch="false" hits="0" number="638"/>
<line branch="false" hits="0" number="128"/>
<line branch="false" hits="0" number="641"/>
<line branch="false" hits="0" number="131"/>
<line branch="false" hits="0" number="644"/>
<line branch="false" hits="0" number="645"/>
<line branch="false" hits="0" number="647"/>
<line branch="false" hits="0" number="648"/>
<line branch="false" hits="0" number="650"/>
<line branch="false" hits="0" number="140"/>
<line branch="false" hits="0" number="141"/>
<line branch="false" hits="0" number="654"/>
<line branch="false" hits="0" number="655"/>
<line branch="false" hits="0" number="656"/>
<line branch="false" hits="0" number="146"/>
<line branch="false" hits="0" number="147"/>
<line branch="false" hits="0" number="660"/>
<line branch="false" hits="0" number="149"/>
<line branch="false" hits="0" number="150"/>
<line branch="false" hits="0" number="664"/>
<line branch="false" hits="0" number="153"/>
<line branch="false" hits="0" number="154"/>
<line branch="false" hits="0" number="157"/>
<line branch="false" hits="0" number="670"/>
<line branch="false" hits="30" number="709"/>
<line branch="false" hits="0" number="162"/>
<line branch="false" hits="0" number="163"/>
<line branch="false" hits="0" number="166"/>
<line branch="false" hits="0" number="170"/>
<line branch="false" hits="0" number="683"/>
<line branch="false" hits="0" number="684"/>
<line branch="false" hits="0" number="685"/>
<line branch="false" hits="0" number="686"/>
<line branch="false" hits="0" number="687"/>
<line branch="false" hits="0" number="176"/>
<line branch="false" hits="0" number="689"/>
<line branch="false" hits="0" number="178"/>
<line branch="false" hits="0" number="691"/>
<line branch="false" hits="0" number="693"/>
<line branch="false" hits="0" number="188"/>
<line branch="false" hits="0" number="189"/>
<line branch="false" hits="0" number="190"/>
<line branch="false" hits="0" number="192"/>
<line branch="false" hits="0" number="193"/>
<line branch="false" hits="0" number="194"/>
<line branch="false" hits="0" number="459"/>
<line branch="false" hits="0" number="196"/>
<line branch="false" hits="0" number="197"/>
<line branch="true" condition-coverage="50% (5/10)" hits="30" number="711">
<conditions>
<condition coverage="50%" number="0" type="jump"/>
</conditions>
</line>
<line branch="true" condition-coverage="50% (2/4)" hits="60" number="713">
<conditions>
<condition coverage="50%" number="0" type="jump"/>
</conditions>
</line>
<line branch="true" condition-coverage="75% (3/4)" hits="590" number="714">
<conditions>
<condition coverage="75%" number="0" type="jump"/>
</conditions>
</line>
<line branch="true" condition-coverage="50% (2/4)" hits="560" number="715">
<conditions>
<condition coverage="50%" number="0" type="jump"/>
</conditions>
</line>
<line branch="true" condition-coverage="50% (2/4)" hits="60" number="718">
<conditions>
<condition coverage="50%" number="0" type="jump"/>
</conditions>
</line>
<line branch="false" hits="0" number="724"/>
<line branch="false" hits="0" number="726"/>
<line branch="false" hits="0" number="727"/>
<line branch="false" hits="0" number="730"/>
<line branch="false" hits="0" number="732"/>
<line branch="false" hits="0" number="733"/>
<line branch="false" hits="0" number="734"/>
<line branch="false" hits="0" number="735"/>
<line branch="false" hits="0" number="736"/>
<line branch="false" hits="0" number="737"/>
<line branch="false" hits="0" number="738"/>
<line branch="false" hits="0" number="742"/>
<line branch="false" hits="0" number="743"/>
<line branch="false" hits="0" number="746"/>
<line branch="false" hits="0" number="749"/>
<line branch="false" hits="0" number="750"/>
<line branch="false" hits="0" number="751"/>
<line branch="false" hits="0" number="752"/>
<line branch="false" hits="0" number="753"/>
<line branch="false" hits="0" number="754"/>
<line branch="false" hits="0" number="755"/>
<line branch="false" hits="0" number="758"/>
<line branch="false" hits="0" number="690"/>
<line branch="false" hits="14" number="766"/>
<line branch="true" condition-coverage="50% (1/2)" hits="14" number="767">
<conditions>
<condition coverage="50%" number="0" type="jump"/>
</conditions>
</line>
<line branch="true" condition-coverage="50% (1/2)" hits="14" number="768">
<conditions>
<condition coverage="50%" number="0" type="jump"/>
</conditions>
</line>
<line branch="false" hits="0" number="640"/>
<line branch="true" condition-coverage="50% (2/4)" hits="14" number="770">
<conditions>
<condition coverage="50%" number="0" type="jump"/>
</conditions>
</line>
<line branch="false" hits="6" number="776"/>
<line branch="true" condition-coverage="50% (1/2)" hits="6" number="777">
<conditions>
<condition coverage="50%" number="0" type="jump"/>
</conditions>
</line>
<line branch="true" condition-coverage="50% (1/2)" hits="6" number="778">
<conditions>
<condition coverage="50%" number="0" type="jump"/>
</conditions>
</line>
<line branch="true" condition-coverage="50% (1/2)" hits="6" number="779">
<conditions>
<condition coverage="50%" number="0" type="jump"/>
</conditions>
</line>
<line branch="false" hits="6" number="781"/>
<line branch="false" hits="0" number="784"/>
<line branch="false" hits="0" number="785"/>
<line branch="false" hits="0" number="786"/>
<line branch="false" hits="0" number="788"/>
<line branch="false" hits="0" number="789"/>
<line branch="false" hits="0" number="790"/>
<line branch="true" condition-coverage="50% (1/2)" hits="0" number="793">
<conditions>
<condition coverage="50%" number="0" type="jump"/>
</conditions>
</line>
<line branch="false" hits="10" number="798"/>
<line branch="true" condition-coverage="50% (1/2)" hits="10" number="799">
<conditions>
<condition coverage="50%" number="0" type="jump"/>
</conditions>
</line>
<line branch="true" condition-coverage="50% (1/2)" hits="10" number="800">
<conditions>
<condition coverage="50%" number="0" type="jump"/>
</conditions>
</line>
<line branch="true" condition-coverage="50% (2/4)" hits="10" number="801">
<conditions>
<condition coverage="50%" number="0" type="jump"/>
</conditions>
</line>
<line branch="false" hits="0" number="659"/>
<line branch="false" hits="0" number="661"/>
<line branch="false" hits="2" number="678"/>
<line branch="false" hits="0" number="665"/>
<line branch="false" hits="0" number="669"/>
<line branch="false" hits="0" number="456"/>
<line branch="false" hits="0" number="457"/>
<line branch="false" hits="0" number="759"/>
<line branch="false" hits="0" number="460"/>
<line branch="false" hits="0" number="465"/>
<line branch="false" hits="0" number="474"/>
<line branch="false" hits="0" number="476"/>
<line branch="false" hits="0" number="478"/>
<line branch="false" hits="0" number="479"/>
<line branch="false" hits="0" number="481"/>
<line branch="false" hits="0" number="485"/>
<line branch="false" hits="0" number="486"/>
<line branch="false" hits="0" number="490"/>
<line branch="false" hits="0" number="491"/>
<line branch="false" hits="0" number="492"/>
<line branch="false" hits="0" number="493"/>
<line branch="false" hits="0" number="496"/>
<line branch="false" hits="0" number="497"/>
<line branch="false" hits="0" number="498"/>
<line branch="false" hits="0" number="499"/>
<line branch="false" hits="0" number="500"/>
<line branch="false" hits="0" number="502"/>
</lines>
</class>
<class branch-rate="0.0" complexity="0.0" filename="/home/michael/git/cse409/pin/MyPinTool/yep/gtest/src/gtest-printers.cc" line-rate="0.0" name="gtest-printers_cc">
<methods/>
<lines>
<line branch="false" hits="0" number="59"/>
<line branch="false" hits="0" number="61"/>
<line branch="false" hits="0" number="62"/>
<line branch="false" hits="0" number="63"/>
<line branch="false" hits="0" number="64"/>
<line branch="false" hits="0" number="67"/>
<line branch="false" hits="0" number="68"/>
<line branch="false" hits="0" number="70"/>
<line branch="false" hits="0" number="72"/>
<line branch="false" hits="0" number="73"/>
<line branch="false" hits="0" number="75"/>
<line branch="false" hits="0" number="78"/>
<line branch="false" hits="0" number="81"/>
<line branch="false" hits="0" number="83"/>
<line branch="false" hits="0" number="84"/>
<line branch="false" hits="0" number="89"/>
<line branch="false" hits="0" number="90"/>
<line branch="false" hits="0" number="92"/>
<line branch="false" hits="0" number="93"/>
<line branch="false" hits="0" number="95"/>
<line branch="false" hits="0" number="96"/>
<line branch="false" hits="0" number="98"/>
<line branch="false" hits="0" number="99"/>
<line branch="false" hits="0" number="110"/>
<line branch="false" hits="0" number="112"/>
<line branch="false" hits="0" number="113"/>
<line branch="false" hits="0" number="133"/>
<line branch="false" hits="0" number="134"/>
<line branch="false" hits="0" number="142"/>
<line branch="false" hits="0" number="143"/>
<line branch="false" hits="0" number="145"/>
<line branch="false" hits="0" number="146"/>
<line branch="false" hits="0" number="148"/>
<line branch="false" hits="0" number="149"/>
<line branch="false" hits="0" number="151"/>
<line branch="false" hits="0" number="152"/>
<line branch="false" hits="0" number="154"/>
<line branch="false" hits="0" number="155"/>
<line branch="false" hits="0" number="157"/>
<line branch="false" hits="0" number="158"/>
<line branch="false" hits="0" number="160"/>
<line branch="false" hits="0" number="161"/>
<line branch="false" hits="0" number="163"/>
<line branch="false" hits="0" number="164"/>
<line branch="false" hits="0" number="166"/>
<line branch="false" hits="0" number="167"/>
<line branch="false" hits="0" number="169"/>
<line branch="false" hits="0" number="170"/>
<line branch="false" hits="0" number="172"/>
<line branch="false" hits="0" number="173"/>
<line branch="false" hits="0" number="175"/>
<line branch="false" hits="0" number="176"/>
<line branch="false" hits="0" number="177"/>
<line branch="false" hits="0" number="179"/>
<line branch="false" hits="0" number="180"/>
<line branch="false" hits="0" number="183"/>
<line branch="false" hits="0" number="188"/>
<line branch="false" hits="0" number="189"/>
<line branch="false" hits="0" number="191"/>
<line branch="false" hits="0" number="192"/>
<line branch="false" hits="0" number="194"/>
<line branch="false" hits="0" number="195"/>
<line branch="false" hits="0" number="197"/>
<line branch="false" hits="0" number="203"/>
<line branch="false" hits="0" number="205"/>
<line branch="false" hits="0" number="213"/>
<line branch="false" hits="0" number="215"/>
<line branch="false" hits="0" number="216"/>
<line branch="false" hits="0" number="217"/>
<line branch="false" hits="0" number="222"/>
<line branch="false" hits="0" number="223"/>
<line branch="false" hits="0" number="224"/>
<line branch="false" hits="0" number="229"/>
<line branch="false" hits="0" number="232"/>
<line branch="false" hits="0" number="234"/>
<line branch="false" hits="0" number="237"/>
<line branch="false" hits="0" number="238"/>
<line branch="false" hits="0" number="239"/>
<line branch="false" hits="0" number="240"/>
<line branch="false" hits="0" number="241"/>
<line branch="false" hits="0" number="242"/>
<line branch="false" hits="0" number="246"/>
<line branch="false" hits="0" number="247"/>
<line branch="false" hits="0" number="248"/>
<line branch="false" hits="0" number="255"/>
<line branch="false" hits="0" number="257"/>
<line branch="false" hits="0" number="258"/>
<line branch="false" hits="0" number="259"/>
<line branch="false" hits="0" number="260"/>
<line branch="false" hits="0" number="261"/>
<line branch="false" hits="0" number="262"/>
<line branch="false" hits="0" number="266"/>
<line branch="false" hits="0" number="268"/>
<line branch="false" hits="0" number="270"/>
<line branch="false" hits="0" number="271"/>
<line branch="false" hits="0" number="276"/>
<line branch="false" hits="0" number="285"/>
<line branch="false" hits="0" number="286"/>
<line branch="false" hits="0" number="287"/>
<line branch="false" hits="0" number="294"/>
<line branch="false" hits="0" number="295"/>
<line branch="false" hits="0" number="299"/>
<line branch="false" hits="0" number="300"/>
<line branch="false" hits="0" number="301"/>
<line branch="false" hits="0" number="305"/>
<line branch="false" hits="0" number="306"/>
<line branch="false" hits="0" number="307"/>
<line branch="false" hits="0" number="310"/>
<line branch="false" hits="0" number="311"/>
<line branch="false" hits="0" number="312"/>
<line branch="false" hits="0" number="314"/>
<line branch="false" hits="0" number="315"/>
<line branch="false" hits="0" number="317"/>
<line branch="false" hits="0" number="327"/>
<line branch="false" hits="0" number="328"/>
<line branch="false" hits="0" number="329"/>
<line branch="false" hits="0" number="331"/>
<line branch="false" hits="0" number="332"/>
<line branch="false" hits="0" number="334"/>
<line branch="false" hits="0" number="344"/>
<line branch="false" hits="0" number="345"/>
<line branch="false" hits="0" number="346"/>
<line branch="false" hits="0" number="356"/>
<line branch="false" hits="0" number="357"/>
<line branch="false" hits="0" number="358"/>
</lines>
</class>
<class branch-rate="0.0" complexity="0.0" filename="/home/michael/git/cse409/pin/MyPinTool/yep/gtest/src/gtest-test-part.cc" line-rate="0.0" name="gtest-test-part_cc">
<methods/>
<lines>
<line branch="false" hits="0" number="51"/>
<line branch="false" hits="0" number="52"/>
<line branch="false" hits="0" number="54"/>
<line branch="false" hits="0" number="58"/>
<line branch="false" hits="0" number="60"/>
<line branch="false" hits="0" number="61"/>
<line branch="false" hits="0" number="62"/>
<line branch="false" hits="0" number="63"/>
<line branch="false" hits="0" number="64"/>
<line branch="false" hits="0" number="68"/>
<line branch="false" hits="0" number="69"/>
<line branch="false" hits="0" number="70"/>
<line branch="false" hits="0" number="73"/>
<line branch="false" hits="0" number="74"/>
<line branch="false" hits="0" number="75"/>
<line branch="false" hits="0" number="76"/>
<line branch="false" hits="0" number="79"/>
<line branch="false" hits="0" number="83"/>
<line branch="false" hits="0" number="84"/>
<line branch="false" hits="0" number="89"/>
<line branch="false" hits="0" number="92"/>
<line branch="false" hits="0" number="93"/>
<line branch="false" hits="0" number="94"/>
<line branch="false" hits="0" number="96"/>
<line branch="false" hits="0" number="98"/>
<line branch="false" hits="0" number="99"/>
<line branch="false" hits="0" number="101"/>
<line branch="false" hits="0" number="103"/>
<line branch="false" hits="0" number="104"/>
<line branch="false" hits="0" number="105"/>
<line branch="false" hits="0" number="106"/>
</lines>
</class>
<class branch-rate="0.5" complexity="0.0" filename="/home/michael/git/cse409/pin/MyPinTool/yep/gtest/src/gtest-typed-test.cc" line-rate="0.0277777777778" name="gtest-typed-test_cc">
<methods/>
<lines>
<line branch="false" hits="0" number="42"/>
<line branch="false" hits="0" number="43"/>
<line branch="false" hits="0" number="44"/>
[...]
<line branch="false" hits="0" number="645"/>
<line branch="false" hits="0" number="140"/>
<line branch="false" hits="0" number="298"/>
<line branch="false" hits="0" number="139"/>
<line branch="false" hits="0" number="460"/>
<line branch="false" hits="0" number="463"/>
<line branch="false" hits="0" number="464"/>
<line branch="false" hits="0" number="307"/>
<line branch="false" hits="0" number="308"/>
<line branch="false" hits="0" number="90"/>
</lines>
</class>
<class branch-rate="0.0" complexity="0.0" filename="/usr/include/c++/4.8.2/bits/stl_tree.h" line-rate="0.0" name="stl_tree_h">
<methods/>
<lines>
<line branch="false" hits="0" number="512"/>
<line branch="false" hits="0" number="513"/>
<line branch="false" hits="0" number="1026"/>
<line branch="false" hits="0" number="1027"/>
<line branch="false" hits="0" number="516"/>
<line branch="false" hits="0" number="517"/>
<line branch="false" hits="0" number="1025"/>
<line branch="false" hits="0" number="520"/>
<line branch="false" hits="0" number="521"/>
<line branch="false" hits="0" number="524"/>
<line branch="false" hits="0" number="525"/>
<line branch="false" hits="0" number="528"/>
<line branch="false" hits="0" number="529"/>
<line branch="false" hits="0" number="532"/>
<line branch="false" hits="0" number="533"/>
<line branch="false" hits="0" number="536"/>
<line branch="false" hits="0" number="537"/>
<line branch="false" hits="0" number="540"/>
<line branch="false" hits="0" number="541"/>
<line branch="false" hits="0" number="544"/>
<line branch="false" hits="0" number="545"/>
<line branch="false" hits="0" number="548"/>
<line branch="false" hits="0" number="549"/>
<line branch="false" hits="0" number="270"/>
<line branch="false" hits="0" number="271"/>
<line branch="false" hits="0" number="1119"/>
<line branch="false" hits="0" number="1123"/>
<line branch="false" hits="0" number="1125"/>
<line branch="false" hits="0" number="1126"/>
<line branch="false" hits="0" number="1127"/>
<line branch="false" hits="0" number="1128"/>
<line branch="false" hits="0" number="1130"/>
<line branch="false" hits="0" number="360"/>
<line branch="false" hits="0" number="1152"/>
<line branch="false" hits="0" number="1156"/>
<line branch="false" hits="0" number="1157"/>
<line branch="false" hits="0" number="1158"/>
<line branch="false" hits="0" number="1160"/>
<line branch="false" hits="0" number="1161"/>
<line branch="false" hits="0" number="670"/>
<line branch="false" hits="0" number="671"/>
<line branch="false" hits="0" number="682"/>
<line branch="false" hits="0" number="685"/>
<line branch="false" hits="0" number="174"/>
<line branch="false" hits="0" number="175"/>
<line branch="false" hits="0" number="689"/>
<line branch="false" hits="0" number="692"/>
<line branch="false" hits="0" number="700"/>
<line branch="false" hits="0" number="703"/>
<line branch="false" hits="0" number="202"/>
<line branch="false" hits="0" number="204"/>
<line branch="false" hits="0" number="205"/>
<line branch="false" hits="0" number="217"/>
<line branch="false" hits="0" number="218"/>
<line branch="false" hits="0" number="247"/>
<line branch="false" hits="0" number="248"/>
<line branch="false" hits="0" number="250"/>
<line branch="false" hits="0" number="251"/>
<line branch="false" hits="0" number="259"/>
<line branch="false" hits="0" number="260"/>
<line branch="false" hits="0" number="1802"/>
<line branch="false" hits="0" number="268"/>
<line branch="false" hits="0" number="1805"/>
<line branch="false" hits="0" number="1806"/>
<line branch="false" hits="0" number="1807"/>
<line branch="false" hits="0" number="1808"/>
<line branch="false" hits="0" number="1028"/>
<line branch="false" hits="0" number="303"/>
<line branch="false" hits="0" number="1314"/>
<line branch="false" hits="0" number="1318"/>
<line branch="false" hits="0" number="1319"/>
<line branch="false" hits="0" number="1320"/>
<line branch="false" hits="0" number="1321"/>
<line branch="false" hits="0" number="298"/>
<line branch="false" hits="0" number="299"/>
<line branch="false" hits="0" number="1324"/>
<line branch="false" hits="0" number="1325"/>
<line branch="false" hits="0" number="302"/>
<line branch="false" hits="0" number="1327"/>
<line branch="false" hits="0" number="1328"/>
<line branch="false" hits="0" number="648"/>
<line branch="false" hits="0" number="1330"/>
<line branch="false" hits="0" number="1331"/>
<line branch="false" hits="0" number="1333"/>
<line branch="false" hits="0" number="1335"/>
<line branch="false" hits="0" number="1336"/>
<line branch="false" hits="0" number="1323"/>
<line branch="false" hits="0" number="1337"/>
<line branch="false" hits="0" number="1368"/>
<line branch="false" hits="0" number="1377"/>
<line branch="false" hits="0" number="1379"/>
<line branch="false" hits="0" number="1381"/>
<line branch="false" hits="0" number="1382"/>
<line branch="false" hits="0" number="1384"/>
<line branch="false" hits="0" number="361"/>
<line branch="false" hits="0" number="364"/>
<line branch="false" hits="0" number="365"/>
<line branch="false" hits="0" number="369"/>
<line branch="false" hits="0" number="370"/>
<line branch="false" hits="0" number="373"/>
<line branch="false" hits="0" number="374"/>
<line branch="false" hits="0" number="378"/>
<line branch="false" hits="0" number="380"/>
<line branch="false" hits="0" number="382"/>
<line branch="false" hits="0" number="384"/>
<line branch="false" hits="0" number="386"/>
<line branch="false" hits="0" number="387"/>
<line branch="false" hits="0" number="389"/>
<line branch="false" hits="0" number="393"/>
<line branch="false" hits="0" number="395"/>
<line branch="false" hits="0" number="396"/>
<line branch="false" hits="0" number="397"/>
<line branch="false" hits="0" number="439"/>
<line branch="false" hits="0" number="445"/>
<line branch="false" hits="0" number="447"/>
<line branch="false" hits="0" number="448"/>
<line branch="false" hits="0" number="464"/>
<line branch="false" hits="0" number="466"/>
<line branch="false" hits="0" number="467"/>
<line branch="false" hits="0" number="468"/>
<line branch="false" hits="0" number="469"/>
<line branch="false" hits="0" number="470"/>
<line branch="false" hits="0" number="508"/>
<line branch="false" hits="0" number="1012"/>
<line branch="false" hits="0" number="501"/>
<line branch="false" hits="0" number="502"/>
<line branch="false" hits="0" number="505"/>
<line branch="false" hits="0" number="1019"/>
<line branch="false" hits="0" number="1020"/>
<line branch="false" hits="0" number="1021"/>
<line branch="false" hits="0" number="1023"/>
</lines>
</class>
<class branch-rate="0.75" complexity="0.0" filename="/usr/include/c++/4.8.2/bits/stl_uninitialized.h" line-rate="0.8125" name="stl_uninitialized_h">
<methods/>
<lines>
<line branch="false" hits="28" number="256"/>
<line branch="false" hits="28" number="258"/>
<line branch="true" condition-coverage="50% (1/2)" hits="3" number="75">
<conditions>
<condition coverage="50%" number="0" type="jump"/>
</conditions>
</line>
<line branch="false" hits="8" number="68"/>
<line branch="false" hits="8" number="71"/>
<line branch="true" condition-coverage="100% (2/2)" hits="11" number="74">
<conditions>
<condition coverage="100%" number="0" type="jump"/>
</conditions>
</line>
<line branch="false" hits="28" number="107"/>
<line branch="false" hits="8" number="76"/>
<line branch="false" hits="0" number="78"/>
<line branch="false" hits="0" number="80"/>
<line branch="false" hits="0" number="81"/>
<line branch="false" hits="28" number="274"/>
<line branch="false" hits="28" number="117"/>
<line branch="false" hits="28" number="281"/>
<line branch="false" hits="20" number="91"/>
<line branch="false" hits="20" number="93"/>
</lines>
</class>
<class branch-rate="0.545454545455" complexity="0.0" filename="/usr/include/c++/4.8.2/bits/stl_vector.h" line-rate="0.504347826087" name="stl_vector_h">
<methods/>
<lines>
<line branch="false" hits="0" number="1197"/>
<line branch="false" hits="22" number="538"/>
<line branch="false" hits="22" number="539"/>
<line branch="false" hits="0" number="90"/>
<line branch="false" hits="46" number="547"/>
<line branch="false" hits="46" number="548"/>
<line branch="false" hits="0" number="1116"/>
<line branch="false" hits="24" number="556"/>
<line branch="false" hits="24" number="557"/>
<line branch="false" hits="0" number="1203"/>
<line branch="false" hits="72" number="565"/>
<line branch="false" hits="72" number="566"/>
<line branch="false" hits="2" number="574"/>
<line branch="false" hits="2" number="575"/>
<line branch="false" hits="0" number="1206"/>
<line branch="false" hits="0" number="1207"/>
<line branch="false" hits="30" number="79"/>
<line branch="false" hits="2" number="592"/>
<line branch="false" hits="2" number="593"/>
<line branch="false" hits="0" number="1108"/>
<line branch="false" hits="30" number="86"/>
<line branch="false" hits="30" number="87"/>
<line branch="false" hits="30" number="88"/>
<line branch="false" hits="0" number="1113"/>
<line branch="false" hits="0" number="1114"/>
<line branch="false" hits="0" number="91"/>
<line branch="false" hits="0" number="92"/>
<line branch="false" hits="10" number="1125"/>
<line branch="false" hits="0" number="101"/>
<line branch="false" hits="10" number="1126"/>
<line branch="false" hits="0" number="103"/>
<line branch="false" hits="0" number="104"/>
<line branch="false" hits="0" number="105"/>
<line branch="false" hits="0" number="106"/>
<line branch="false" hits="82" number="113"/>
<line branch="false" hits="82" number="114"/>
<line branch="false" hits="28" number="117"/>
<line branch="false" hits="28" number="118"/>
<line branch="false" hits="30" number="124"/>
<line branch="false" hits="30" number="125"/>
<line branch="false" hits="0" number="127"/>
<line branch="false" hits="0" number="128"/>
<line branch="false" hits="162" number="645"/>
<line branch="false" hits="0" number="134"/>
<line branch="false" hits="0" number="135"/>
<line branch="false" hits="0" number="136"/>
<line branch="false" hits="28" number="650"/>
<line branch="false" hits="28" number="651"/>
<line branch="false" hits="0" number="1172"/>
<line branch="false" hits="0" number="1177"/>
<line branch="false" hits="0" number="1178"/>
<line branch="false" hits="30" number="159"/>
<line branch="true" condition-coverage="50% (10/20)" hits="30" number="160">
<conditions>
<condition coverage="50%" number="0" type="jump"/>
</conditions>
</line>
<line branch="false" hits="60" number="161"/>
<line branch="false" hits="14" number="167"/>
<line branch="true" condition-coverage="50% (5/10)" hits="14" number="168">
<conditions>
<condition coverage="50%" number="0" type="jump"/>
</conditions>
</line>
<line branch="false" hits="44" number="171"/>
<line branch="true" condition-coverage="75% (15/20)" hits="44" number="173">
<conditions>
<condition coverage="75%" number="0" type="jump"/>
</conditions>
</line>
<line branch="false" hits="14" number="174"/>
<line branch="false" hits="44" number="175"/>
<line branch="false" hits="0" number="1200"/>
<line branch="false" hits="0" number="1201"/>
<line branch="false" hits="0" number="1202"/>
<line branch="false" hits="0" number="179"/>
<line branch="false" hits="0" number="181"/>
<line branch="false" hits="0" number="182"/>
<line branch="false" hits="0" number="183"/>
<line branch="false" hits="0" number="184"/>
<line branch="false" hits="0" number="1115"/>
<line branch="false" hits="30" number="248"/>
<line branch="false" hits="30" number="249"/>
<line branch="false" hits="38" number="770"/>
<line branch="false" hits="38" number="771"/>
<line branch="false" hits="16" number="785"/>
<line branch="false" hits="16" number="786"/>
<line branch="false" hits="0" number="791"/>
<line branch="false" hits="0" number="793"/>
<line branch="false" hits="0" number="794"/>
<line branch="false" hits="0" number="795"/>
<line branch="false" hits="162" number="646"/>
<line branch="false" hits="0" number="310"/>
<line branch="false" hits="0" number="312"/>
<line branch="false" hits="0" number="313"/>
<line branch="true" condition-coverage="50% (5/10)" hits="14" number="1338">
<conditions>
<condition coverage="50%" number="0" type="jump"/>
</conditions>
</line>
<line branch="false" hits="0" number="1339"/>
<line branch="false" hits="0" number="828"/>
<line branch="false" hits="0" number="317"/>
<line branch="false" hits="0" number="830"/>
<line branch="false" hits="0" number="831"/>
<line branch="false" hits="10" number="1350"/>
<line branch="false" hits="10" number="1352"/>
<line branch="false" hits="10" number="1353"/>
<line branch="false" hits="10" number="1354"/>
<line branch="false" hits="14" number="1336"/>
<line branch="false" hits="0" number="316"/>
<line branch="false" hits="14" number="1341"/>
<line branch="true" condition-coverage="50% (10/20)" hits="14" number="1342">
<conditions>
<condition coverage="50%" number="0" type="jump"/>
</conditions>
</line>
<line branch="false" hits="14" number="901"/>
<line branch="true" condition-coverage="50% (5/10)" hits="14" number="903">
<conditions>
<condition coverage="50%" number="0" type="jump"/>
</conditions>
</line>
<line branch="false" hits="0" number="905"/>
<line branch="false" hits="0" number="906"/>
<line branch="false" hits="0" number="907"/>
<line branch="false" hits="0" number="398"/>
<line branch="false" hits="0" number="400"/>
<line branch="false" hits="14" number="913"/>
<line branch="false" hits="14" number="915"/>
<line branch="false" hits="0" number="404"/>
<line branch="false" hits="0" number="405"/>
<line branch="false" hits="30" number="414"/>
<line branch="true" condition-coverage="50% (10/20)" hits="30" number="415">
<conditions>
<condition coverage="50%" number="0" type="jump"/>
</conditions>
</line>
<line branch="false" hits="60" number="416"/>
<line branch="false" hits="0" number="937"/>
<line branch="false" hits="0" number="939"/>
<line branch="false" hits="0" number="940"/>
<line branch="false" hits="0" number="941"/>
</lines>
</class>
<class branch-rate="0.5" complexity="0.0" filename="/usr/include/c++/4.8.2/bits/vector.tcc" line-rate="0.448979591837" name="vector_tcc">
<methods/>
<lines>
<line branch="false" hits="14" number="385"/>
<line branch="false" hits="0" number="134"/>
<line branch="false" hits="14" number="393"/>
<line branch="false" hits="14" number="318"/>
<line branch="true" condition-coverage="50% (5/10)" hits="14" number="322">
<conditions>
<condition coverage="50%" number="0" type="jump"/>
</conditions>
</line>
<line branch="false" hits="0" number="324"/>
<line branch="false" hits="0" number="326"/>
<line branch="false" hits="0" number="327"/>
<line branch="false" hits="0" number="329"/>
<line branch="false" hits="0" number="331"/>
<line branch="false" hits="0" number="335"/>
<line branch="false" hits="14" number="343"/>
<line branch="false" hits="14" number="344"/>
<line branch="false" hits="14" number="345"/>
<line branch="false" hits="14" number="346"/>
<line branch="true" condition-coverage="50% (5/10)" hits="14" number="353">
<conditions>
<condition coverage="50%" number="0" type="jump"/>
</conditions>
</line>
<line branch="false" hits="14" number="358"/>
<line branch="false" hits="14" number="360"/>
<line branch="true" condition-coverage="50% (5/10)" hits="14" number="362">
<conditions>
<condition coverage="50%" number="0" type="jump"/>
</conditions>
</line>
<line branch="false" hits="0" number="107"/>
<line branch="false" hits="14" number="365"/>
<line branch="false" hits="0" number="110"/>
<line branch="false" hits="0" number="111"/>
<line branch="false" hits="0" number="112"/>
<line branch="true" condition-coverage="50% (5/10)" hits="14" number="369">
<conditions>
<condition coverage="50%" number="0" type="jump"/>
</conditions>
</line>
<line branch="false" hits="0" number="114"/>
<line branch="false" hits="0" number="115"/>
<line branch="false" hits="14" number="372"/>
<line branch="false" hits="0" number="374"/>
<line branch="false" hits="0" number="376"/>
<line branch="false" hits="0" number="377"/>
<line branch="false" hits="0" number="378"/>
<line branch="false" hits="0" number="380"/>
<line branch="false" hits="0" number="381"/>
<line branch="false" hits="0" number="382"/>
<line branch="false" hits="0" number="127"/>
<line branch="false" hits="14" number="384"/>
<line branch="false" hits="0" number="129"/>
<line branch="false" hits="14" number="386"/>
<line branch="false" hits="14" number="388"/>
<line branch="false" hits="14" number="389"/>
<line branch="false" hits="14" number="390"/>
<line branch="false" hits="14" number="391"/>
<line branch="false" hits="0" number="137"/>
<line branch="false" hits="0" number="138"/>
<line branch="false" hits="0" number="139"/>
<line branch="false" hits="0" number="140"/>
<line branch="false" hits="0" number="141"/>
<line branch="false" hits="14" number="367"/>
</lines>
</class>
</classes>
</package>
<package branch-rate="0.5" complexity="0.0" line-rate="0.472222222222" name=".usr.include.c++.4.8.2.ext">
<classes>
<class branch-rate="0.0" complexity="0.0" filename="/usr/include/c++/4.8.2/ext/alloc_traits.h" line-rate="0.4" name="alloc_traits_h">
<methods/>
<lines>
<line branch="false" hits="0" number="224"/>
<line branch="false" hits="0" number="226"/>
<line branch="false" hits="0" number="230"/>
<line branch="false" hits="0" number="231"/>
<line branch="false" hits="14" number="215"/>
<line branch="false" hits="14" number="216"/>
<line branch="false" hits="0" number="218"/>
<line branch="false" hits="0" number="219"/>
<line branch="false" hits="28" number="221"/>
<line branch="false" hits="28" number="222"/>
</lines>
</class>
<class branch-rate="0.0" complexity="0.0" filename="/usr/include/c++/4.8.2/ext/atomicity.h" line-rate="0.0" name="atomicity_h">
<methods/>
<lines>
<line branch="false" hits="0" number="65"/>
<line branch="false" hits="0" number="67"/>
<line branch="false" hits="0" number="68"/>
<line branch="false" hits="0" number="69"/>
<line branch="false" hits="0" number="49"/>
<line branch="false" hits="0" number="78"/>
<line branch="false" hits="0" number="48"/>
<line branch="false" hits="0" number="81"/>
<line branch="false" hits="0" number="82"/>
<line branch="false" hits="0" number="84"/>
</lines>
</class>
<class branch-rate="0.5" complexity="0.0" filename="/usr/include/c++/4.8.2/ext/new_allocator.h" line-rate="0.785714285714" name="new_allocator_h">
<methods/>
<lines>
<line branch="false" hits="14" number="129"/>
<line branch="true" condition-coverage="50% (6/12)" hits="14" number="130">
<conditions>
<condition coverage="50%" number="0" type="jump"/>
</conditions>
</line>
<line branch="false" hits="14" number="99"/>
<line branch="false" hits="0" number="133"/>
<line branch="false" hits="0" number="102"/>
<line branch="false" hits="42" number="113"/>
<line branch="false" hits="14" number="104"/>
<line branch="false" hits="14" number="109"/>
<line branch="false" hits="14" number="110"/>
<line branch="false" hits="30" number="79"/>
<line branch="false" hits="0" number="81"/>
<line branch="false" hits="42" number="114"/>
<line branch="false" hits="30" number="86"/>
<line branch="true" condition-coverage="50% (5/10)" hits="14" number="101">
<conditions>
<condition coverage="50%" number="0" type="jump"/>
</conditions>
</line>
</lines>
</class>
<class branch-rate="0.0" complexity="0.0" filename="/usr/include/c++/4.8.2/ext/type_traits.h" line-rate="1.0" name="type_traits_h">
<methods/>
<lines>
<line branch="false" hits="56" number="150"/>
<line branch="false" hits="56" number="151"/>
</lines>
</class>
</classes>
</package>
<package branch-rate="0.0" complexity="0.0" line-rate="0.0" name=".usr.include.c++.4.8.2.x86_64-redhat-linux.bits">
<classes>
<class branch-rate="0.0" complexity="0.0" filename="/usr/include/c++/4.8.2/x86_64-redhat-linux/bits/gthr-default.h" line-rate="0.0" name="gthr-default_h">
<methods/>
<lines>
<line branch="false" hits="0" number="251"/>
<line branch="false" hits="0" number="247"/>
</lines>
</class>
</classes>
</package>
</packages>
</coverage>

